Starting Concept testbench
VCD info: dumpfile waveform.vcd opened for output.
Loaded 512 bytes from tcm.bin
RAM[0] = 0x000000131000006f
RAM[1] = 0x0000001300000013
RAM[2] = 0x0000001300000013
[Cycle 2] PC=0x80000000 Inst=0x1000006f
[Cycle 3] PC=0x80000008 Inst=0x1000006f
[Cycle 6] PC=0x80000100 Inst=0x00500513
[Cycle 7] PC=0x80000108 Inst=0x00500513
[Cycle 10] PC=0x80000108 Inst=0x02b50633
[Cycle 11] PC=0x80000108 Inst=0x02b50633
[Cycle 14] PC=0x80000110 Inst=0x01400713
[Cycle 15] PC=0x80000110 Inst=0x01400713
[Cycle 18] PC=0x80000118 Inst=0x40d708b3
[Cycle 19] PC=0x80000118 Inst=0x40d708b3
[Cycle 22] PC=0x80000120 Inst=0x0ff00993
[Cycle 23] PC=0x80000120 Inst=0x0ff00993
[Cycle 26] PC=0x80000128 Inst=0x0149fab3
[Cycle 27] PC=0x80000128 Inst=0x0149fab3
[Cycle 30] PC=0x80000130 Inst=0x0149cbb3
[Cycle 31] PC=0x80000130 Inst=0x0149cbb3
[Cycle 34] PC=0x80000138 Inst=0x002c1c93
[Cycle 35] PC=0x80000138 Inst=0x002c1c93
[Cycle 38] PC=0x80000140 Inst=0xff000d93
[Cycle 39] PC=0x80000140 Inst=0xff000d93
[Cycle 42] PC=0x80000148 Inst=0x04d00e93
[Cycle 43] PC=0x80000148 Inst=0x04d00e93
[Cycle 46] PC=0x80000150 Inst=0x000f0f93
[Cycle 47] PC=0x80000150 Inst=0x000f0f93
[Cycle 50] PC=0x80000158 Inst=0x41190333
[Cycle 51] PC=0x80000158 Inst=0x41190333
[Cycle 54] PC=0x80000160 Inst=0x08c00393
[Cycle 55] PC=0x80000160 Inst=0x08c00393
[Cycle 58] PC=0x80000168 Inst=0x0000006f
[Cycle 59] PC=0x80000168 Inst=0x0000006f
[Cycle 62] PC=0x80000168 Inst=0x0000006f
[Cycle 63] PC=0x80000170 Inst=0x0000006f
[Cycle 64] PC=0x80000170 Inst=0x00000000
[Cycle 67] PC=0x80000168 Inst=0x0000006f
[Cycle 68] PC=0x80000170 Inst=0x0000006f
[Cycle 69] PC=0x80000170 Inst=0x00000000
[Cycle 72] PC=0x80000168 Inst=0x0000006f
[Cycle 73] PC=0x80000170 Inst=0x0000006f
[Cycle 74] PC=0x80000170 Inst=0x00000000
[Cycle 77] PC=0x80000168 Inst=0x0000006f
[Cycle 78] PC=0x80000170 Inst=0x0000006f
[Cycle 79] PC=0x80000170 Inst=0x00000000
[Cycle 82] PC=0x80000168 Inst=0x0000006f
[Cycle 83] PC=0x80000170 Inst=0x0000006f
[Cycle 84] PC=0x80000170 Inst=0x00000000
[Cycle 87] PC=0x80000168 Inst=0x0000006f
[Cycle 88] PC=0x80000170 Inst=0x0000006f
[Cycle 89] PC=0x80000170 Inst=0x00000000
[Cycle 92] PC=0x80000168 Inst=0x0000006f
[Cycle 93] PC=0x80000170 Inst=0x0000006f
[Cycle 94] PC=0x80000170 Inst=0x00000000
[Cycle 97] PC=0x80000168 Inst=0x0000006f
[Cycle 98] PC=0x80000170 Inst=0x0000006f
[Cycle 99] PC=0x80000170 Inst=0x00000000
[Cycle 102] PC=0x80000168 Inst=0x0000006f
[Cycle 103] PC=0x80000170 Inst=0x0000006f
[Cycle 104] PC=0x80000170 Inst=0x00000000
[Cycle 107] PC=0x80000168 Inst=0x0000006f
[Cycle 108] PC=0x80000170 Inst=0x0000006f
[Cycle 109] PC=0x80000170 Inst=0x00000000
[Cycle 112] PC=0x80000168 Inst=0x0000006f
[Cycle 113] PC=0x80000170 Inst=0x0000006f
[Cycle 114] PC=0x80000170 Inst=0x00000000
[Cycle 117] PC=0x80000168 Inst=0x0000006f
[Cycle 118] PC=0x80000170 Inst=0x0000006f
[Cycle 119] PC=0x80000170 Inst=0x00000000
[Cycle 122] PC=0x80000168 Inst=0x0000006f
[Cycle 123] PC=0x80000170 Inst=0x0000006f
[Cycle 124] PC=0x80000170 Inst=0x00000000
[Cycle 127] PC=0x80000168 Inst=0x0000006f
[Cycle 128] PC=0x80000170 Inst=0x0000006f
[Cycle 129] PC=0x80000170 Inst=0x00000000
[Cycle 132] PC=0x80000168 Inst=0x0000006f
[Cycle 133] PC=0x80000170 Inst=0x0000006f
[Cycle 134] PC=0x80000170 Inst=0x00000000
[Cycle 137] PC=0x80000168 Inst=0x0000006f
[Cycle 138] PC=0x80000170 Inst=0x0000006f
[Cycle 139] PC=0x80000170 Inst=0x00000000
[Cycle 142] PC=0x80000168 Inst=0x0000006f
[Cycle 143] PC=0x80000170 Inst=0x0000006f
[Cycle 144] PC=0x80000170 Inst=0x00000000
[Cycle 147] PC=0x80000168 Inst=0x0000006f
[Cycle 148] PC=0x80000170 Inst=0x0000006f
[Cycle 149] PC=0x80000170 Inst=0x00000000
[Cycle 152] PC=0x80000168 Inst=0x0000006f
[Cycle 153] PC=0x80000170 Inst=0x0000006f
[Cycle 154] PC=0x80000170 Inst=0x00000000
[Cycle 157] PC=0x80000168 Inst=0x0000006f
[Cycle 158] PC=0x80000170 Inst=0x0000006f
[Cycle 159] PC=0x80000170 Inst=0x00000000
[Cycle 162] PC=0x80000168 Inst=0x0000006f
[Cycle 163] PC=0x80000170 Inst=0x0000006f
[Cycle 164] PC=0x80000170 Inst=0x00000000
[Cycle 167] PC=0x80000168 Inst=0x0000006f
[Cycle 168] PC=0x80000170 Inst=0x0000006f
[Cycle 169] PC=0x80000170 Inst=0x00000000
[Cycle 172] PC=0x80000168 Inst=0x0000006f
[Cycle 173] PC=0x80000170 Inst=0x0000006f
[Cycle 174] PC=0x80000170 Inst=0x00000000
[Cycle 177] PC=0x80000168 Inst=0x0000006f
[Cycle 178] PC=0x80000170 Inst=0x0000006f
[Cycle 179] PC=0x80000170 Inst=0x00000000
[Cycle 182] PC=0x80000168 Inst=0x0000006f
[Cycle 183] PC=0x80000170 Inst=0x0000006f
[Cycle 184] PC=0x80000170 Inst=0x00000000
[Cycle 187] PC=0x80000168 Inst=0x0000006f
[Cycle 188] PC=0x80000170 Inst=0x0000006f
[Cycle 189] PC=0x80000170 Inst=0x00000000
[Cycle 192] PC=0x80000168 Inst=0x0000006f
[Cycle 193] PC=0x80000170 Inst=0x0000006f
[Cycle 194] PC=0x80000170 Inst=0x00000000
[Cycle 197] PC=0x80000168 Inst=0x0000006f
[Cycle 198] PC=0x80000170 Inst=0x0000006f
[Cycle 199] PC=0x80000170 Inst=0x00000000
[Cycle 202] PC=0x80000168 Inst=0x0000006f
[Cycle 203] PC=0x80000170 Inst=0x0000006f
[Cycle 204] PC=0x80000170 Inst=0x00000000
[Cycle 207] PC=0x80000168 Inst=0x0000006f
[Cycle 208] PC=0x80000170 Inst=0x0000006f
[Cycle 209] PC=0x80000170 Inst=0x00000000
[Cycle 212] PC=0x80000168 Inst=0x0000006f
[Cycle 213] PC=0x80000170 Inst=0x0000006f
[Cycle 214] PC=0x80000170 Inst=0x00000000
[Cycle 217] PC=0x80000168 Inst=0x0000006f
[Cycle 218] PC=0x80000170 Inst=0x0000006f
[Cycle 219] PC=0x80000170 Inst=0x00000000
[Cycle 222] PC=0x80000168 Inst=0x0000006f
[Cycle 223] PC=0x80000170 Inst=0x0000006f
[Cycle 224] PC=0x80000170 Inst=0x00000000
[Cycle 227] PC=0x80000168 Inst=0x0000006f
[Cycle 228] PC=0x80000170 Inst=0x0000006f
[Cycle 229] PC=0x80000170 Inst=0x00000000
[Cycle 232] PC=0x80000168 Inst=0x0000006f
[Cycle 233] PC=0x80000170 Inst=0x0000006f
[Cycle 234] PC=0x80000170 Inst=0x00000000
[Cycle 237] PC=0x80000168 Inst=0x0000006f
[Cycle 238] PC=0x80000170 Inst=0x0000006f
[Cycle 239] PC=0x80000170 Inst=0x00000000
[Cycle 242] PC=0x80000168 Inst=0x0000006f
[Cycle 243] PC=0x80000170 Inst=0x0000006f
[Cycle 244] PC=0x80000170 Inst=0x00000000
[Cycle 247] PC=0x80000168 Inst=0x0000006f
[Cycle 248] PC=0x80000170 Inst=0x0000006f
[Cycle 249] PC=0x80000170 Inst=0x00000000
[Cycle 252] PC=0x80000168 Inst=0x0000006f
[Cycle 253] PC=0x80000170 Inst=0x0000006f
[Cycle 254] PC=0x80000170 Inst=0x00000000
[Cycle 257] PC=0x80000168 Inst=0x0000006f
[Cycle 258] PC=0x80000170 Inst=0x0000006f
[Cycle 259] PC=0x80000170 Inst=0x00000000
[Cycle 262] PC=0x80000168 Inst=0x0000006f
[Cycle 263] PC=0x80000170 Inst=0x0000006f
[Cycle 264] PC=0x80000170 Inst=0x00000000
[Cycle 267] PC=0x80000168 Inst=0x0000006f
[Cycle 268] PC=0x80000170 Inst=0x0000006f
[Cycle 269] PC=0x80000170 Inst=0x00000000
[Cycle 272] PC=0x80000168 Inst=0x0000006f
[Cycle 273] PC=0x80000170 Inst=0x0000006f
[Cycle 274] PC=0x80000170 Inst=0x00000000
[Cycle 277] PC=0x80000168 Inst=0x0000006f
[Cycle 278] PC=0x80000170 Inst=0x0000006f
[Cycle 279] PC=0x80000170 Inst=0x00000000
[Cycle 282] PC=0x80000168 Inst=0x0000006f
[Cycle 283] PC=0x80000170 Inst=0x0000006f
[Cycle 284] PC=0x80000170 Inst=0x00000000
[Cycle 287] PC=0x80000168 Inst=0x0000006f
[Cycle 288] PC=0x80000170 Inst=0x0000006f
[Cycle 289] PC=0x80000170 Inst=0x00000000
[Cycle 292] PC=0x80000168 Inst=0x0000006f
[Cycle 293] PC=0x80000170 Inst=0x0000006f
[Cycle 294] PC=0x80000170 Inst=0x00000000
[Cycle 297] PC=0x80000168 Inst=0x0000006f
[Cycle 298] PC=0x80000170 Inst=0x0000006f
[Cycle 299] PC=0x80000170 Inst=0x00000000
[Cycle 302] PC=0x80000168 Inst=0x0000006f
[Cycle 303] PC=0x80000170 Inst=0x0000006f
[Cycle 304] PC=0x80000170 Inst=0x00000000
[Cycle 307] PC=0x80000168 Inst=0x0000006f
[Cycle 308] PC=0x80000170 Inst=0x0000006f
[Cycle 309] PC=0x80000170 Inst=0x00000000
[Cycle 312] PC=0x80000168 Inst=0x0000006f
[Cycle 313] PC=0x80000170 Inst=0x0000006f
[Cycle 314] PC=0x80000170 Inst=0x00000000
[Cycle 317] PC=0x80000168 Inst=0x0000006f
[Cycle 318] PC=0x80000170 Inst=0x0000006f
[Cycle 319] PC=0x80000170 Inst=0x00000000
[Cycle 322] PC=0x80000168 Inst=0x0000006f
[Cycle 323] PC=0x80000170 Inst=0x0000006f
[Cycle 324] PC=0x80000170 Inst=0x00000000
[Cycle 327] PC=0x80000168 Inst=0x0000006f
[Cycle 328] PC=0x80000170 Inst=0x0000006f
[Cycle 329] PC=0x80000170 Inst=0x00000000
[Cycle 332] PC=0x80000168 Inst=0x0000006f
[Cycle 333] PC=0x80000170 Inst=0x0000006f
[Cycle 334] PC=0x80000170 Inst=0x00000000
[Cycle 337] PC=0x80000168 Inst=0x0000006f
[Cycle 338] PC=0x80000170 Inst=0x0000006f
[Cycle 339] PC=0x80000170 Inst=0x00000000
[Cycle 342] PC=0x80000168 Inst=0x0000006f
[Cycle 343] PC=0x80000170 Inst=0x0000006f
[Cycle 344] PC=0x80000170 Inst=0x00000000
[Cycle 347] PC=0x80000168 Inst=0x0000006f
[Cycle 348] PC=0x80000170 Inst=0x0000006f
[Cycle 349] PC=0x80000170 Inst=0x00000000
[Cycle 352] PC=0x80000168 Inst=0x0000006f
[Cycle 353] PC=0x80000170 Inst=0x0000006f
[Cycle 354] PC=0x80000170 Inst=0x00000000
[Cycle 357] PC=0x80000168 Inst=0x0000006f
[Cycle 358] PC=0x80000170 Inst=0x0000006f
[Cycle 359] PC=0x80000170 Inst=0x00000000
[Cycle 362] PC=0x80000168 Inst=0x0000006f
[Cycle 363] PC=0x80000170 Inst=0x0000006f
[Cycle 364] PC=0x80000170 Inst=0x00000000
[Cycle 367] PC=0x80000168 Inst=0x0000006f
[Cycle 368] PC=0x80000170 Inst=0x0000006f
[Cycle 369] PC=0x80000170 Inst=0x00000000
[Cycle 372] PC=0x80000168 Inst=0x0000006f
[Cycle 373] PC=0x80000170 Inst=0x0000006f
[Cycle 374] PC=0x80000170 Inst=0x00000000
[Cycle 377] PC=0x80000168 Inst=0x0000006f
[Cycle 378] PC=0x80000170 Inst=0x0000006f
[Cycle 379] PC=0x80000170 Inst=0x00000000
[Cycle 382] PC=0x80000168 Inst=0x0000006f
[Cycle 383] PC=0x80000170 Inst=0x0000006f
[Cycle 384] PC=0x80000170 Inst=0x00000000
[Cycle 387] PC=0x80000168 Inst=0x0000006f
[Cycle 388] PC=0x80000170 Inst=0x0000006f
[Cycle 389] PC=0x80000170 Inst=0x00000000
[Cycle 392] PC=0x80000168 Inst=0x0000006f
[Cycle 393] PC=0x80000170 Inst=0x0000006f
[Cycle 394] PC=0x80000170 Inst=0x00000000
[Cycle 397] PC=0x80000168 Inst=0x0000006f
[Cycle 398] PC=0x80000170 Inst=0x0000006f
[Cycle 399] PC=0x80000170 Inst=0x00000000
[Cycle 402] PC=0x80000168 Inst=0x0000006f
[Cycle 403] PC=0x80000170 Inst=0x0000006f
[Cycle 404] PC=0x80000170 Inst=0x00000000
[Cycle 407] PC=0x80000168 Inst=0x0000006f
[Cycle 408] PC=0x80000170 Inst=0x0000006f
[Cycle 409] PC=0x80000170 Inst=0x00000000
[Cycle 412] PC=0x80000168 Inst=0x0000006f
[Cycle 413] PC=0x80000170 Inst=0x0000006f
[Cycle 414] PC=0x80000170 Inst=0x00000000
[Cycle 417] PC=0x80000168 Inst=0x0000006f
[Cycle 418] PC=0x80000170 Inst=0x0000006f
[Cycle 419] PC=0x80000170 Inst=0x00000000
[Cycle 422] PC=0x80000168 Inst=0x0000006f
[Cycle 423] PC=0x80000170 Inst=0x0000006f
[Cycle 424] PC=0x80000170 Inst=0x00000000
[Cycle 427] PC=0x80000168 Inst=0x0000006f
[Cycle 428] PC=0x80000170 Inst=0x0000006f
[Cycle 429] PC=0x80000170 Inst=0x00000000
[Cycle 432] PC=0x80000168 Inst=0x0000006f
[Cycle 433] PC=0x80000170 Inst=0x0000006f
[Cycle 434] PC=0x80000170 Inst=0x00000000
[Cycle 437] PC=0x80000168 Inst=0x0000006f
[Cycle 438] PC=0x80000170 Inst=0x0000006f
[Cycle 439] PC=0x80000170 Inst=0x00000000
[Cycle 442] PC=0x80000168 Inst=0x0000006f
[Cycle 443] PC=0x80000170 Inst=0x0000006f
[Cycle 444] PC=0x80000170 Inst=0x00000000
[Cycle 447] PC=0x80000168 Inst=0x0000006f
[Cycle 448] PC=0x80000170 Inst=0x0000006f
[Cycle 449] PC=0x80000170 Inst=0x00000000
[Cycle 452] PC=0x80000168 Inst=0x0000006f
[Cycle 453] PC=0x80000170 Inst=0x0000006f
[Cycle 454] PC=0x80000170 Inst=0x00000000
[Cycle 457] PC=0x80000168 Inst=0x0000006f
[Cycle 458] PC=0x80000170 Inst=0x0000006f
[Cycle 459] PC=0x80000170 Inst=0x00000000
[Cycle 462] PC=0x80000168 Inst=0x0000006f
[Cycle 463] PC=0x80000170 Inst=0x0000006f
[Cycle 464] PC=0x80000170 Inst=0x00000000
[Cycle 467] PC=0x80000168 Inst=0x0000006f
[Cycle 468] PC=0x80000170 Inst=0x0000006f
[Cycle 469] PC=0x80000170 Inst=0x00000000
[Cycle 472] PC=0x80000168 Inst=0x0000006f
[Cycle 473] PC=0x80000170 Inst=0x0000006f
[Cycle 474] PC=0x80000170 Inst=0x00000000
[Cycle 477] PC=0x80000168 Inst=0x0000006f
[Cycle 478] PC=0x80000170 Inst=0x0000006f
[Cycle 479] PC=0x80000170 Inst=0x00000000
[Cycle 482] PC=0x80000168 Inst=0x0000006f
[Cycle 483] PC=0x80000170 Inst=0x0000006f
[Cycle 484] PC=0x80000170 Inst=0x00000000
[Cycle 487] PC=0x80000168 Inst=0x0000006f
[Cycle 488] PC=0x80000170 Inst=0x0000006f
[Cycle 489] PC=0x80000170 Inst=0x00000000
[Cycle 492] PC=0x80000168 Inst=0x0000006f
[Cycle 493] PC=0x80000170 Inst=0x0000006f
[Cycle 494] PC=0x80000170 Inst=0x00000000
[Cycle 497] PC=0x80000168 Inst=0x0000006f
[Cycle 498] PC=0x80000170 Inst=0x0000006f
[Cycle 499] PC=0x80000170 Inst=0x00000000
[Cycle 502] PC=0x80000168 Inst=0x0000006f
[Cycle 503] PC=0x80000170 Inst=0x0000006f
[Cycle 504] PC=0x80000170 Inst=0x00000000
[Cycle 507] PC=0x80000168 Inst=0x0000006f
[Cycle 508] PC=0x80000170 Inst=0x0000006f
[Cycle 509] PC=0x80000170 Inst=0x00000000
[Cycle 512] PC=0x80000168 Inst=0x0000006f
[Cycle 513] PC=0x80000170 Inst=0x0000006f
[Cycle 514] PC=0x80000170 Inst=0x00000000
[Cycle 517] PC=0x80000168 Inst=0x0000006f
[Cycle 518] PC=0x80000170 Inst=0x0000006f
[Cycle 519] PC=0x80000170 Inst=0x00000000
[Cycle 522] PC=0x80000168 Inst=0x0000006f
[Cycle 523] PC=0x80000170 Inst=0x0000006f
[Cycle 524] PC=0x80000170 Inst=0x00000000
[Cycle 527] PC=0x80000168 Inst=0x0000006f
[Cycle 528] PC=0x80000170 Inst=0x0000006f
[Cycle 529] PC=0x80000170 Inst=0x00000000
[Cycle 532] PC=0x80000168 Inst=0x0000006f
[Cycle 533] PC=0x80000170 Inst=0x0000006f
[Cycle 534] PC=0x80000170 Inst=0x00000000
[Cycle 537] PC=0x80000168 Inst=0x0000006f
[Cycle 538] PC=0x80000170 Inst=0x0000006f
[Cycle 539] PC=0x80000170 Inst=0x00000000
[Cycle 542] PC=0x80000168 Inst=0x0000006f
[Cycle 543] PC=0x80000170 Inst=0x0000006f
[Cycle 544] PC=0x80000170 Inst=0x00000000
[Cycle 547] PC=0x80000168 Inst=0x0000006f
[Cycle 548] PC=0x80000170 Inst=0x0000006f
[Cycle 549] PC=0x80000170 Inst=0x00000000
[Cycle 552] PC=0x80000168 Inst=0x0000006f
[Cycle 553] PC=0x80000170 Inst=0x0000006f
[Cycle 554] PC=0x80000170 Inst=0x00000000
[Cycle 557] PC=0x80000168 Inst=0x0000006f
[Cycle 558] PC=0x80000170 Inst=0x0000006f
[Cycle 559] PC=0x80000170 Inst=0x00000000
[Cycle 562] PC=0x80000168 Inst=0x0000006f
[Cycle 563] PC=0x80000170 Inst=0x0000006f
[Cycle 564] PC=0x80000170 Inst=0x00000000
[Cycle 567] PC=0x80000168 Inst=0x0000006f
[Cycle 568] PC=0x80000170 Inst=0x0000006f
[Cycle 569] PC=0x80000170 Inst=0x00000000
[Cycle 572] PC=0x80000168 Inst=0x0000006f
[Cycle 573] PC=0x80000170 Inst=0x0000006f
[Cycle 574] PC=0x80000170 Inst=0x00000000
[Cycle 577] PC=0x80000168 Inst=0x0000006f
[Cycle 578] PC=0x80000170 Inst=0x0000006f
[Cycle 579] PC=0x80000170 Inst=0x00000000
[Cycle 582] PC=0x80000168 Inst=0x0000006f
[Cycle 583] PC=0x80000170 Inst=0x0000006f
[Cycle 584] PC=0x80000170 Inst=0x00000000
[Cycle 587] PC=0x80000168 Inst=0x0000006f
[Cycle 588] PC=0x80000170 Inst=0x0000006f
[Cycle 589] PC=0x80000170 Inst=0x00000000
[Cycle 592] PC=0x80000168 Inst=0x0000006f
[Cycle 593] PC=0x80000170 Inst=0x0000006f
[Cycle 594] PC=0x80000170 Inst=0x00000000
[Cycle 597] PC=0x80000168 Inst=0x0000006f
[Cycle 598] PC=0x80000170 Inst=0x0000006f
[Cycle 599] PC=0x80000170 Inst=0x00000000
[Cycle 602] PC=0x80000168 Inst=0x0000006f
[Cycle 603] PC=0x80000170 Inst=0x0000006f
[Cycle 604] PC=0x80000170 Inst=0x00000000
[Cycle 607] PC=0x80000168 Inst=0x0000006f
[Cycle 608] PC=0x80000170 Inst=0x0000006f
[Cycle 609] PC=0x80000170 Inst=0x00000000
[Cycle 612] PC=0x80000168 Inst=0x0000006f
[Cycle 613] PC=0x80000170 Inst=0x0000006f
[Cycle 614] PC=0x80000170 Inst=0x00000000
[Cycle 617] PC=0x80000168 Inst=0x0000006f
[Cycle 618] PC=0x80000170 Inst=0x0000006f
[Cycle 619] PC=0x80000170 Inst=0x00000000
[Cycle 622] PC=0x80000168 Inst=0x0000006f
[Cycle 623] PC=0x80000170 Inst=0x0000006f
[Cycle 624] PC=0x80000170 Inst=0x00000000
[Cycle 627] PC=0x80000168 Inst=0x0000006f
[Cycle 628] PC=0x80000170 Inst=0x0000006f
[Cycle 629] PC=0x80000170 Inst=0x00000000
[Cycle 632] PC=0x80000168 Inst=0x0000006f
[Cycle 633] PC=0x80000170 Inst=0x0000006f
[Cycle 634] PC=0x80000170 Inst=0x00000000
[Cycle 637] PC=0x80000168 Inst=0x0000006f
[Cycle 638] PC=0x80000170 Inst=0x0000006f
[Cycle 639] PC=0x80000170 Inst=0x00000000
[Cycle 642] PC=0x80000168 Inst=0x0000006f
[Cycle 643] PC=0x80000170 Inst=0x0000006f
[Cycle 644] PC=0x80000170 Inst=0x00000000
[Cycle 647] PC=0x80000168 Inst=0x0000006f
[Cycle 648] PC=0x80000170 Inst=0x0000006f
[Cycle 649] PC=0x80000170 Inst=0x00000000
[Cycle 652] PC=0x80000168 Inst=0x0000006f
[Cycle 653] PC=0x80000170 Inst=0x0000006f
[Cycle 654] PC=0x80000170 Inst=0x00000000
[Cycle 657] PC=0x80000168 Inst=0x0000006f
[Cycle 658] PC=0x80000170 Inst=0x0000006f
[Cycle 659] PC=0x80000170 Inst=0x00000000
[Cycle 662] PC=0x80000168 Inst=0x0000006f
[Cycle 663] PC=0x80000170 Inst=0x0000006f
[Cycle 664] PC=0x80000170 Inst=0x00000000
[Cycle 667] PC=0x80000168 Inst=0x0000006f
[Cycle 668] PC=0x80000170 Inst=0x0000006f
[Cycle 669] PC=0x80000170 Inst=0x00000000
[Cycle 672] PC=0x80000168 Inst=0x0000006f
[Cycle 673] PC=0x80000170 Inst=0x0000006f
[Cycle 674] PC=0x80000170 Inst=0x00000000
[Cycle 677] PC=0x80000168 Inst=0x0000006f
[Cycle 678] PC=0x80000170 Inst=0x0000006f
[Cycle 679] PC=0x80000170 Inst=0x00000000
[Cycle 682] PC=0x80000168 Inst=0x0000006f
[Cycle 683] PC=0x80000170 Inst=0x0000006f
[Cycle 684] PC=0x80000170 Inst=0x00000000
[Cycle 687] PC=0x80000168 Inst=0x0000006f
[Cycle 688] PC=0x80000170 Inst=0x0000006f
[Cycle 689] PC=0x80000170 Inst=0x00000000
[Cycle 692] PC=0x80000168 Inst=0x0000006f
[Cycle 693] PC=0x80000170 Inst=0x0000006f
[Cycle 694] PC=0x80000170 Inst=0x00000000
[Cycle 697] PC=0x80000168 Inst=0x0000006f
[Cycle 698] PC=0x80000170 Inst=0x0000006f
[Cycle 699] PC=0x80000170 Inst=0x00000000
[Cycle 702] PC=0x80000168 Inst=0x0000006f
[Cycle 703] PC=0x80000170 Inst=0x0000006f
[Cycle 704] PC=0x80000170 Inst=0x00000000
[Cycle 707] PC=0x80000168 Inst=0x0000006f
[Cycle 708] PC=0x80000170 Inst=0x0000006f
[Cycle 709] PC=0x80000170 Inst=0x00000000
[Cycle 712] PC=0x80000168 Inst=0x0000006f
[Cycle 713] PC=0x80000170 Inst=0x0000006f
[Cycle 714] PC=0x80000170 Inst=0x00000000
[Cycle 717] PC=0x80000168 Inst=0x0000006f
[Cycle 718] PC=0x80000170 Inst=0x0000006f
[Cycle 719] PC=0x80000170 Inst=0x00000000
[Cycle 722] PC=0x80000168 Inst=0x0000006f
[Cycle 723] PC=0x80000170 Inst=0x0000006f
[Cycle 724] PC=0x80000170 Inst=0x00000000
[Cycle 727] PC=0x80000168 Inst=0x0000006f
[Cycle 728] PC=0x80000170 Inst=0x0000006f
[Cycle 729] PC=0x80000170 Inst=0x00000000
[Cycle 732] PC=0x80000168 Inst=0x0000006f
[Cycle 733] PC=0x80000170 Inst=0x0000006f
[Cycle 734] PC=0x80000170 Inst=0x00000000
[Cycle 737] PC=0x80000168 Inst=0x0000006f
[Cycle 738] PC=0x80000170 Inst=0x0000006f
[Cycle 739] PC=0x80000170 Inst=0x00000000
[Cycle 742] PC=0x80000168 Inst=0x0000006f
[Cycle 743] PC=0x80000170 Inst=0x0000006f
[Cycle 744] PC=0x80000170 Inst=0x00000000
[Cycle 747] PC=0x80000168 Inst=0x0000006f
[Cycle 748] PC=0x80000170 Inst=0x0000006f
[Cycle 749] PC=0x80000170 Inst=0x00000000
[Cycle 752] PC=0x80000168 Inst=0x0000006f
[Cycle 753] PC=0x80000170 Inst=0x0000006f
[Cycle 754] PC=0x80000170 Inst=0x00000000
[Cycle 757] PC=0x80000168 Inst=0x0000006f
[Cycle 758] PC=0x80000170 Inst=0x0000006f
[Cycle 759] PC=0x80000170 Inst=0x00000000
[Cycle 762] PC=0x80000168 Inst=0x0000006f
[Cycle 763] PC=0x80000170 Inst=0x0000006f
[Cycle 764] PC=0x80000170 Inst=0x00000000
[Cycle 767] PC=0x80000168 Inst=0x0000006f
[Cycle 768] PC=0x80000170 Inst=0x0000006f
[Cycle 769] PC=0x80000170 Inst=0x00000000
[Cycle 772] PC=0x80000168 Inst=0x0000006f
[Cycle 773] PC=0x80000170 Inst=0x0000006f
[Cycle 774] PC=0x80000170 Inst=0x00000000
[Cycle 777] PC=0x80000168 Inst=0x0000006f
[Cycle 778] PC=0x80000170 Inst=0x0000006f
[Cycle 779] PC=0x80000170 Inst=0x00000000
[Cycle 782] PC=0x80000168 Inst=0x0000006f
[Cycle 783] PC=0x80000170 Inst=0x0000006f
[Cycle 784] PC=0x80000170 Inst=0x00000000
[Cycle 787] PC=0x80000168 Inst=0x0000006f
[Cycle 788] PC=0x80000170 Inst=0x0000006f
[Cycle 789] PC=0x80000170 Inst=0x00000000
[Cycle 792] PC=0x80000168 Inst=0x0000006f
[Cycle 793] PC=0x80000170 Inst=0x0000006f
[Cycle 794] PC=0x80000170 Inst=0x00000000
[Cycle 797] PC=0x80000168 Inst=0x0000006f
[Cycle 798] PC=0x80000170 Inst=0x0000006f
[Cycle 799] PC=0x80000170 Inst=0x00000000
[Cycle 802] PC=0x80000168 Inst=0x0000006f
[Cycle 803] PC=0x80000170 Inst=0x0000006f
[Cycle 804] PC=0x80000170 Inst=0x00000000
[Cycle 807] PC=0x80000168 Inst=0x0000006f
[Cycle 808] PC=0x80000170 Inst=0x0000006f
[Cycle 809] PC=0x80000170 Inst=0x00000000
[Cycle 812] PC=0x80000168 Inst=0x0000006f
[Cycle 813] PC=0x80000170 Inst=0x0000006f
[Cycle 814] PC=0x80000170 Inst=0x00000000
[Cycle 817] PC=0x80000168 Inst=0x0000006f
[Cycle 818] PC=0x80000170 Inst=0x0000006f
[Cycle 819] PC=0x80000170 Inst=0x00000000
[Cycle 822] PC=0x80000168 Inst=0x0000006f
[Cycle 823] PC=0x80000170 Inst=0x0000006f
[Cycle 824] PC=0x80000170 Inst=0x00000000
[Cycle 827] PC=0x80000168 Inst=0x0000006f
[Cycle 828] PC=0x80000170 Inst=0x0000006f
[Cycle 829] PC=0x80000170 Inst=0x00000000
[Cycle 832] PC=0x80000168 Inst=0x0000006f
[Cycle 833] PC=0x80000170 Inst=0x0000006f
[Cycle 834] PC=0x80000170 Inst=0x00000000
[Cycle 837] PC=0x80000168 Inst=0x0000006f
[Cycle 838] PC=0x80000170 Inst=0x0000006f
[Cycle 839] PC=0x80000170 Inst=0x00000000
[Cycle 842] PC=0x80000168 Inst=0x0000006f
[Cycle 843] PC=0x80000170 Inst=0x0000006f
[Cycle 844] PC=0x80000170 Inst=0x00000000
[Cycle 847] PC=0x80000168 Inst=0x0000006f
[Cycle 848] PC=0x80000170 Inst=0x0000006f
[Cycle 849] PC=0x80000170 Inst=0x00000000
[Cycle 852] PC=0x80000168 Inst=0x0000006f
[Cycle 853] PC=0x80000170 Inst=0x0000006f
[Cycle 854] PC=0x80000170 Inst=0x00000000
[Cycle 857] PC=0x80000168 Inst=0x0000006f
[Cycle 858] PC=0x80000170 Inst=0x0000006f
[Cycle 859] PC=0x80000170 Inst=0x00000000
[Cycle 862] PC=0x80000168 Inst=0x0000006f
[Cycle 863] PC=0x80000170 Inst=0x0000006f
[Cycle 864] PC=0x80000170 Inst=0x00000000
[Cycle 867] PC=0x80000168 Inst=0x0000006f
[Cycle 868] PC=0x80000170 Inst=0x0000006f
[Cycle 869] PC=0x80000170 Inst=0x00000000
[Cycle 872] PC=0x80000168 Inst=0x0000006f
[Cycle 873] PC=0x80000170 Inst=0x0000006f
[Cycle 874] PC=0x80000170 Inst=0x00000000
[Cycle 877] PC=0x80000168 Inst=0x0000006f
[Cycle 878] PC=0x80000170 Inst=0x0000006f
[Cycle 879] PC=0x80000170 Inst=0x00000000
[Cycle 882] PC=0x80000168 Inst=0x0000006f
[Cycle 883] PC=0x80000170 Inst=0x0000006f
[Cycle 884] PC=0x80000170 Inst=0x00000000
[Cycle 887] PC=0x80000168 Inst=0x0000006f
[Cycle 888] PC=0x80000170 Inst=0x0000006f
[Cycle 889] PC=0x80000170 Inst=0x00000000
[Cycle 892] PC=0x80000168 Inst=0x0000006f
[Cycle 893] PC=0x80000170 Inst=0x0000006f
[Cycle 894] PC=0x80000170 Inst=0x00000000
[Cycle 897] PC=0x80000168 Inst=0x0000006f
[Cycle 898] PC=0x80000170 Inst=0x0000006f
[Cycle 899] PC=0x80000170 Inst=0x00000000
[Cycle 902] PC=0x80000168 Inst=0x0000006f
[Cycle 903] PC=0x80000170 Inst=0x0000006f
[Cycle 904] PC=0x80000170 Inst=0x00000000
[Cycle 907] PC=0x80000168 Inst=0x0000006f
[Cycle 908] PC=0x80000170 Inst=0x0000006f
[Cycle 909] PC=0x80000170 Inst=0x00000000
[Cycle 912] PC=0x80000168 Inst=0x0000006f
[Cycle 913] PC=0x80000170 Inst=0x0000006f
[Cycle 914] PC=0x80000170 Inst=0x00000000
[Cycle 917] PC=0x80000168 Inst=0x0000006f
[Cycle 918] PC=0x80000170 Inst=0x0000006f
[Cycle 919] PC=0x80000170 Inst=0x00000000
[Cycle 922] PC=0x80000168 Inst=0x0000006f
[Cycle 923] PC=0x80000170 Inst=0x0000006f
[Cycle 924] PC=0x80000170 Inst=0x00000000
[Cycle 927] PC=0x80000168 Inst=0x0000006f
[Cycle 928] PC=0x80000170 Inst=0x0000006f
[Cycle 929] PC=0x80000170 Inst=0x00000000
[Cycle 932] PC=0x80000168 Inst=0x0000006f
[Cycle 933] PC=0x80000170 Inst=0x0000006f
[Cycle 934] PC=0x80000170 Inst=0x00000000
[Cycle 937] PC=0x80000168 Inst=0x0000006f
[Cycle 938] PC=0x80000170 Inst=0x0000006f
[Cycle 939] PC=0x80000170 Inst=0x00000000
[Cycle 942] PC=0x80000168 Inst=0x0000006f
[Cycle 943] PC=0x80000170 Inst=0x0000006f
[Cycle 944] PC=0x80000170 Inst=0x00000000
[Cycle 947] PC=0x80000168 Inst=0x0000006f
[Cycle 948] PC=0x80000170 Inst=0x0000006f
[Cycle 949] PC=0x80000170 Inst=0x00000000
[Cycle 952] PC=0x80000168 Inst=0x0000006f
[Cycle 953] PC=0x80000170 Inst=0x0000006f
[Cycle 954] PC=0x80000170 Inst=0x00000000
[Cycle 957] PC=0x80000168 Inst=0x0000006f
[Cycle 958] PC=0x80000170 Inst=0x0000006f
[Cycle 959] PC=0x80000170 Inst=0x00000000
[Cycle 962] PC=0x80000168 Inst=0x0000006f
[Cycle 963] PC=0x80000170 Inst=0x0000006f
[Cycle 964] PC=0x80000170 Inst=0x00000000
[Cycle 967] PC=0x80000168 Inst=0x0000006f
[Cycle 968] PC=0x80000170 Inst=0x0000006f
[Cycle 969] PC=0x80000170 Inst=0x00000000
[Cycle 972] PC=0x80000168 Inst=0x0000006f
[Cycle 973] PC=0x80000170 Inst=0x0000006f
[Cycle 974] PC=0x80000170 Inst=0x00000000
[Cycle 977] PC=0x80000168 Inst=0x0000006f
[Cycle 978] PC=0x80000170 Inst=0x0000006f
[Cycle 979] PC=0x80000170 Inst=0x00000000
[Cycle 982] PC=0x80000168 Inst=0x0000006f
[Cycle 983] PC=0x80000170 Inst=0x0000006f
[Cycle 984] PC=0x80000170 Inst=0x00000000
[Cycle 987] PC=0x80000168 Inst=0x0000006f
[Cycle 988] PC=0x80000170 Inst=0x0000006f
[Cycle 989] PC=0x80000170 Inst=0x00000000
[Cycle 992] PC=0x80000168 Inst=0x0000006f
[Cycle 993] PC=0x80000170 Inst=0x0000006f
[Cycle 994] PC=0x80000170 Inst=0x00000000
[Cycle 997] PC=0x80000168 Inst=0x0000006f
[Cycle 998] PC=0x80000170 Inst=0x0000006f
[Cycle 999] PC=0x80000170 Inst=0x00000000
[Cycle 1002] PC=0x80000168 Inst=0x0000006f
[Cycle 1003] PC=0x80000170 Inst=0x0000006f
[Cycle 1004] PC=0x80000170 Inst=0x00000000
[Cycle 1007] PC=0x80000168 Inst=0x0000006f
[Cycle 1008] PC=0x80000170 Inst=0x0000006f
[Cycle 1009] PC=0x80000170 Inst=0x00000000
[Cycle 1012] PC=0x80000168 Inst=0x0000006f
[Cycle 1013] PC=0x80000170 Inst=0x0000006f
[Cycle 1014] PC=0x80000170 Inst=0x00000000
[Cycle 1017] PC=0x80000168 Inst=0x0000006f
[Cycle 1018] PC=0x80000170 Inst=0x0000006f
[Cycle 1019] PC=0x80000170 Inst=0x00000000
[Cycle 1022] PC=0x80000168 Inst=0x0000006f
[Cycle 1023] PC=0x80000170 Inst=0x0000006f
[Cycle 1024] PC=0x80000170 Inst=0x00000000
[Cycle 1027] PC=0x80000168 Inst=0x0000006f
[Cycle 1028] PC=0x80000170 Inst=0x0000006f
[Cycle 1029] PC=0x80000170 Inst=0x00000000
[Cycle 1032] PC=0x80000168 Inst=0x0000006f
[Cycle 1033] PC=0x80000170 Inst=0x0000006f
[Cycle 1034] PC=0x80000170 Inst=0x00000000
[Cycle 1037] PC=0x80000168 Inst=0x0000006f
[Cycle 1038] PC=0x80000170 Inst=0x0000006f
[Cycle 1039] PC=0x80000170 Inst=0x00000000
[Cycle 1042] PC=0x80000168 Inst=0x0000006f
[Cycle 1043] PC=0x80000170 Inst=0x0000006f
[Cycle 1044] PC=0x80000170 Inst=0x00000000
[Cycle 1047] PC=0x80000168 Inst=0x0000006f
[Cycle 1048] PC=0x80000170 Inst=0x0000006f
[Cycle 1049] PC=0x80000170 Inst=0x00000000
[Cycle 1052] PC=0x80000168 Inst=0x0000006f
[Cycle 1053] PC=0x80000170 Inst=0x0000006f
[Cycle 1054] PC=0x80000170 Inst=0x00000000
[Cycle 1057] PC=0x80000168 Inst=0x0000006f
[Cycle 1058] PC=0x80000170 Inst=0x0000006f
[Cycle 1059] PC=0x80000170 Inst=0x00000000
[Cycle 1062] PC=0x80000168 Inst=0x0000006f
[Cycle 1063] PC=0x80000170 Inst=0x0000006f
[Cycle 1064] PC=0x80000170 Inst=0x00000000
[Cycle 1067] PC=0x80000168 Inst=0x0000006f
[Cycle 1068] PC=0x80000170 Inst=0x0000006f
[Cycle 1069] PC=0x80000170 Inst=0x00000000
[Cycle 1072] PC=0x80000168 Inst=0x0000006f
[Cycle 1073] PC=0x80000170 Inst=0x0000006f
[Cycle 1074] PC=0x80000170 Inst=0x00000000
[Cycle 1077] PC=0x80000168 Inst=0x0000006f
[Cycle 1078] PC=0x80000170 Inst=0x0000006f
[Cycle 1079] PC=0x80000170 Inst=0x00000000
[Cycle 1082] PC=0x80000168 Inst=0x0000006f
[Cycle 1083] PC=0x80000170 Inst=0x0000006f
[Cycle 1084] PC=0x80000170 Inst=0x00000000
[Cycle 1087] PC=0x80000168 Inst=0x0000006f
[Cycle 1088] PC=0x80000170 Inst=0x0000006f
[Cycle 1089] PC=0x80000170 Inst=0x00000000
[Cycle 1092] PC=0x80000168 Inst=0x0000006f
[Cycle 1093] PC=0x80000170 Inst=0x0000006f
[Cycle 1094] PC=0x80000170 Inst=0x00000000
[Cycle 1097] PC=0x80000168 Inst=0x0000006f
[Cycle 1098] PC=0x80000170 Inst=0x0000006f
[Cycle 1099] PC=0x80000170 Inst=0x00000000
[Cycle 1102] PC=0x80000168 Inst=0x0000006f
[Cycle 1103] PC=0x80000170 Inst=0x0000006f
[Cycle 1104] PC=0x80000170 Inst=0x00000000
[Cycle 1107] PC=0x80000168 Inst=0x0000006f
[Cycle 1108] PC=0x80000170 Inst=0x0000006f
[Cycle 1109] PC=0x80000170 Inst=0x00000000
[Cycle 1112] PC=0x80000168 Inst=0x0000006f
[Cycle 1113] PC=0x80000170 Inst=0x0000006f
[Cycle 1114] PC=0x80000170 Inst=0x00000000
[Cycle 1117] PC=0x80000168 Inst=0x0000006f
[Cycle 1118] PC=0x80000170 Inst=0x0000006f
[Cycle 1119] PC=0x80000170 Inst=0x00000000
[Cycle 1122] PC=0x80000168 Inst=0x0000006f
[Cycle 1123] PC=0x80000170 Inst=0x0000006f
[Cycle 1124] PC=0x80000170 Inst=0x00000000
[Cycle 1127] PC=0x80000168 Inst=0x0000006f
[Cycle 1128] PC=0x80000170 Inst=0x0000006f
[Cycle 1129] PC=0x80000170 Inst=0x00000000
[Cycle 1132] PC=0x80000168 Inst=0x0000006f
[Cycle 1133] PC=0x80000170 Inst=0x0000006f
[Cycle 1134] PC=0x80000170 Inst=0x00000000
[Cycle 1137] PC=0x80000168 Inst=0x0000006f
[Cycle 1138] PC=0x80000170 Inst=0x0000006f
[Cycle 1139] PC=0x80000170 Inst=0x00000000
[Cycle 1142] PC=0x80000168 Inst=0x0000006f
[Cycle 1143] PC=0x80000170 Inst=0x0000006f
[Cycle 1144] PC=0x80000170 Inst=0x00000000
[Cycle 1147] PC=0x80000168 Inst=0x0000006f
[Cycle 1148] PC=0x80000170 Inst=0x0000006f
[Cycle 1149] PC=0x80000170 Inst=0x00000000
[Cycle 1152] PC=0x80000168 Inst=0x0000006f
[Cycle 1153] PC=0x80000170 Inst=0x0000006f
[Cycle 1154] PC=0x80000170 Inst=0x00000000
[Cycle 1157] PC=0x80000168 Inst=0x0000006f
[Cycle 1158] PC=0x80000170 Inst=0x0000006f
[Cycle 1159] PC=0x80000170 Inst=0x00000000
[Cycle 1162] PC=0x80000168 Inst=0x0000006f
[Cycle 1163] PC=0x80000170 Inst=0x0000006f
[Cycle 1164] PC=0x80000170 Inst=0x00000000
[Cycle 1167] PC=0x80000168 Inst=0x0000006f
[Cycle 1168] PC=0x80000170 Inst=0x0000006f
[Cycle 1169] PC=0x80000170 Inst=0x00000000
[Cycle 1172] PC=0x80000168 Inst=0x0000006f
[Cycle 1173] PC=0x80000170 Inst=0x0000006f
[Cycle 1174] PC=0x80000170 Inst=0x00000000
[Cycle 1177] PC=0x80000168 Inst=0x0000006f
[Cycle 1178] PC=0x80000170 Inst=0x0000006f
[Cycle 1179] PC=0x80000170 Inst=0x00000000
[Cycle 1182] PC=0x80000168 Inst=0x0000006f
[Cycle 1183] PC=0x80000170 Inst=0x0000006f
[Cycle 1184] PC=0x80000170 Inst=0x00000000
[Cycle 1187] PC=0x80000168 Inst=0x0000006f
[Cycle 1188] PC=0x80000170 Inst=0x0000006f
[Cycle 1189] PC=0x80000170 Inst=0x00000000
[Cycle 1192] PC=0x80000168 Inst=0x0000006f
[Cycle 1193] PC=0x80000170 Inst=0x0000006f
[Cycle 1194] PC=0x80000170 Inst=0x00000000
[Cycle 1197] PC=0x80000168 Inst=0x0000006f
[Cycle 1198] PC=0x80000170 Inst=0x0000006f
[Cycle 1199] PC=0x80000170 Inst=0x00000000
[Cycle 1202] PC=0x80000168 Inst=0x0000006f
[Cycle 1203] PC=0x80000170 Inst=0x0000006f
[Cycle 1204] PC=0x80000170 Inst=0x00000000
[Cycle 1207] PC=0x80000168 Inst=0x0000006f
[Cycle 1208] PC=0x80000170 Inst=0x0000006f
[Cycle 1209] PC=0x80000170 Inst=0x00000000
[Cycle 1212] PC=0x80000168 Inst=0x0000006f
[Cycle 1213] PC=0x80000170 Inst=0x0000006f
[Cycle 1214] PC=0x80000170 Inst=0x00000000
[Cycle 1217] PC=0x80000168 Inst=0x0000006f
[Cycle 1218] PC=0x80000170 Inst=0x0000006f
[Cycle 1219] PC=0x80000170 Inst=0x00000000
[Cycle 1222] PC=0x80000168 Inst=0x0000006f
[Cycle 1223] PC=0x80000170 Inst=0x0000006f
[Cycle 1224] PC=0x80000170 Inst=0x00000000
[Cycle 1227] PC=0x80000168 Inst=0x0000006f
[Cycle 1228] PC=0x80000170 Inst=0x0000006f
[Cycle 1229] PC=0x80000170 Inst=0x00000000
[Cycle 1232] PC=0x80000168 Inst=0x0000006f
[Cycle 1233] PC=0x80000170 Inst=0x0000006f
[Cycle 1234] PC=0x80000170 Inst=0x00000000
[Cycle 1237] PC=0x80000168 Inst=0x0000006f
[Cycle 1238] PC=0x80000170 Inst=0x0000006f
[Cycle 1239] PC=0x80000170 Inst=0x00000000
[Cycle 1242] PC=0x80000168 Inst=0x0000006f
[Cycle 1243] PC=0x80000170 Inst=0x0000006f
[Cycle 1244] PC=0x80000170 Inst=0x00000000
[Cycle 1247] PC=0x80000168 Inst=0x0000006f
[Cycle 1248] PC=0x80000170 Inst=0x0000006f
[Cycle 1249] PC=0x80000170 Inst=0x00000000
[Cycle 1252] PC=0x80000168 Inst=0x0000006f
[Cycle 1253] PC=0x80000170 Inst=0x0000006f
[Cycle 1254] PC=0x80000170 Inst=0x00000000
[Cycle 1257] PC=0x80000168 Inst=0x0000006f
[Cycle 1258] PC=0x80000170 Inst=0x0000006f
[Cycle 1259] PC=0x80000170 Inst=0x00000000
[Cycle 1262] PC=0x80000168 Inst=0x0000006f
[Cycle 1263] PC=0x80000170 Inst=0x0000006f
[Cycle 1264] PC=0x80000170 Inst=0x00000000
[Cycle 1267] PC=0x80000168 Inst=0x0000006f
[Cycle 1268] PC=0x80000170 Inst=0x0000006f
[Cycle 1269] PC=0x80000170 Inst=0x00000000
[Cycle 1272] PC=0x80000168 Inst=0x0000006f
[Cycle 1273] PC=0x80000170 Inst=0x0000006f
[Cycle 1274] PC=0x80000170 Inst=0x00000000
[Cycle 1277] PC=0x80000168 Inst=0x0000006f
[Cycle 1278] PC=0x80000170 Inst=0x0000006f
[Cycle 1279] PC=0x80000170 Inst=0x00000000
[Cycle 1282] PC=0x80000168 Inst=0x0000006f
[Cycle 1283] PC=0x80000170 Inst=0x0000006f
[Cycle 1284] PC=0x80000170 Inst=0x00000000
[Cycle 1287] PC=0x80000168 Inst=0x0000006f
[Cycle 1288] PC=0x80000170 Inst=0x0000006f
[Cycle 1289] PC=0x80000170 Inst=0x00000000
[Cycle 1292] PC=0x80000168 Inst=0x0000006f
[Cycle 1293] PC=0x80000170 Inst=0x0000006f
[Cycle 1294] PC=0x80000170 Inst=0x00000000
[Cycle 1297] PC=0x80000168 Inst=0x0000006f
[Cycle 1298] PC=0x80000170 Inst=0x0000006f
[Cycle 1299] PC=0x80000170 Inst=0x00000000
[Cycle 1302] PC=0x80000168 Inst=0x0000006f
[Cycle 1303] PC=0x80000170 Inst=0x0000006f
[Cycle 1304] PC=0x80000170 Inst=0x00000000
[Cycle 1307] PC=0x80000168 Inst=0x0000006f
[Cycle 1308] PC=0x80000170 Inst=0x0000006f
[Cycle 1309] PC=0x80000170 Inst=0x00000000
[Cycle 1312] PC=0x80000168 Inst=0x0000006f
[Cycle 1313] PC=0x80000170 Inst=0x0000006f
[Cycle 1314] PC=0x80000170 Inst=0x00000000
[Cycle 1317] PC=0x80000168 Inst=0x0000006f
[Cycle 1318] PC=0x80000170 Inst=0x0000006f
[Cycle 1319] PC=0x80000170 Inst=0x00000000
[Cycle 1322] PC=0x80000168 Inst=0x0000006f
[Cycle 1323] PC=0x80000170 Inst=0x0000006f
[Cycle 1324] PC=0x80000170 Inst=0x00000000
[Cycle 1327] PC=0x80000168 Inst=0x0000006f
[Cycle 1328] PC=0x80000170 Inst=0x0000006f
[Cycle 1329] PC=0x80000170 Inst=0x00000000
[Cycle 1332] PC=0x80000168 Inst=0x0000006f
[Cycle 1333] PC=0x80000170 Inst=0x0000006f
[Cycle 1334] PC=0x80000170 Inst=0x00000000
[Cycle 1337] PC=0x80000168 Inst=0x0000006f
[Cycle 1338] PC=0x80000170 Inst=0x0000006f
[Cycle 1339] PC=0x80000170 Inst=0x00000000
[Cycle 1342] PC=0x80000168 Inst=0x0000006f
[Cycle 1343] PC=0x80000170 Inst=0x0000006f
[Cycle 1344] PC=0x80000170 Inst=0x00000000
[Cycle 1347] PC=0x80000168 Inst=0x0000006f
[Cycle 1348] PC=0x80000170 Inst=0x0000006f
[Cycle 1349] PC=0x80000170 Inst=0x00000000
[Cycle 1352] PC=0x80000168 Inst=0x0000006f
[Cycle 1353] PC=0x80000170 Inst=0x0000006f
[Cycle 1354] PC=0x80000170 Inst=0x00000000
[Cycle 1357] PC=0x80000168 Inst=0x0000006f
[Cycle 1358] PC=0x80000170 Inst=0x0000006f
[Cycle 1359] PC=0x80000170 Inst=0x00000000
[Cycle 1362] PC=0x80000168 Inst=0x0000006f
[Cycle 1363] PC=0x80000170 Inst=0x0000006f
[Cycle 1364] PC=0x80000170 Inst=0x00000000
[Cycle 1367] PC=0x80000168 Inst=0x0000006f
[Cycle 1368] PC=0x80000170 Inst=0x0000006f
[Cycle 1369] PC=0x80000170 Inst=0x00000000
[Cycle 1372] PC=0x80000168 Inst=0x0000006f
[Cycle 1373] PC=0x80000170 Inst=0x0000006f
[Cycle 1374] PC=0x80000170 Inst=0x00000000
[Cycle 1377] PC=0x80000168 Inst=0x0000006f
[Cycle 1378] PC=0x80000170 Inst=0x0000006f
[Cycle 1379] PC=0x80000170 Inst=0x00000000
[Cycle 1382] PC=0x80000168 Inst=0x0000006f
[Cycle 1383] PC=0x80000170 Inst=0x0000006f
[Cycle 1384] PC=0x80000170 Inst=0x00000000
[Cycle 1387] PC=0x80000168 Inst=0x0000006f
[Cycle 1388] PC=0x80000170 Inst=0x0000006f
[Cycle 1389] PC=0x80000170 Inst=0x00000000
[Cycle 1392] PC=0x80000168 Inst=0x0000006f
[Cycle 1393] PC=0x80000170 Inst=0x0000006f
[Cycle 1394] PC=0x80000170 Inst=0x00000000
[Cycle 1397] PC=0x80000168 Inst=0x0000006f
[Cycle 1398] PC=0x80000170 Inst=0x0000006f
[Cycle 1399] PC=0x80000170 Inst=0x00000000
[Cycle 1402] PC=0x80000168 Inst=0x0000006f
[Cycle 1403] PC=0x80000170 Inst=0x0000006f
[Cycle 1404] PC=0x80000170 Inst=0x00000000
[Cycle 1407] PC=0x80000168 Inst=0x0000006f
[Cycle 1408] PC=0x80000170 Inst=0x0000006f
[Cycle 1409] PC=0x80000170 Inst=0x00000000
[Cycle 1412] PC=0x80000168 Inst=0x0000006f
[Cycle 1413] PC=0x80000170 Inst=0x0000006f
[Cycle 1414] PC=0x80000170 Inst=0x00000000
[Cycle 1417] PC=0x80000168 Inst=0x0000006f
[Cycle 1418] PC=0x80000170 Inst=0x0000006f
[Cycle 1419] PC=0x80000170 Inst=0x00000000
[Cycle 1422] PC=0x80000168 Inst=0x0000006f
[Cycle 1423] PC=0x80000170 Inst=0x0000006f
[Cycle 1424] PC=0x80000170 Inst=0x00000000
[Cycle 1427] PC=0x80000168 Inst=0x0000006f
[Cycle 1428] PC=0x80000170 Inst=0x0000006f
[Cycle 1429] PC=0x80000170 Inst=0x00000000
[Cycle 1432] PC=0x80000168 Inst=0x0000006f
[Cycle 1433] PC=0x80000170 Inst=0x0000006f
[Cycle 1434] PC=0x80000170 Inst=0x00000000
[Cycle 1437] PC=0x80000168 Inst=0x0000006f
[Cycle 1438] PC=0x80000170 Inst=0x0000006f
[Cycle 1439] PC=0x80000170 Inst=0x00000000
[Cycle 1442] PC=0x80000168 Inst=0x0000006f
[Cycle 1443] PC=0x80000170 Inst=0x0000006f
[Cycle 1444] PC=0x80000170 Inst=0x00000000
[Cycle 1447] PC=0x80000168 Inst=0x0000006f
[Cycle 1448] PC=0x80000170 Inst=0x0000006f
[Cycle 1449] PC=0x80000170 Inst=0x00000000
[Cycle 1452] PC=0x80000168 Inst=0x0000006f
[Cycle 1453] PC=0x80000170 Inst=0x0000006f
[Cycle 1454] PC=0x80000170 Inst=0x00000000
[Cycle 1457] PC=0x80000168 Inst=0x0000006f
[Cycle 1458] PC=0x80000170 Inst=0x0000006f
[Cycle 1459] PC=0x80000170 Inst=0x00000000
[Cycle 1462] PC=0x80000168 Inst=0x0000006f
[Cycle 1463] PC=0x80000170 Inst=0x0000006f
[Cycle 1464] PC=0x80000170 Inst=0x00000000
[Cycle 1467] PC=0x80000168 Inst=0x0000006f
[Cycle 1468] PC=0x80000170 Inst=0x0000006f
[Cycle 1469] PC=0x80000170 Inst=0x00000000
[Cycle 1472] PC=0x80000168 Inst=0x0000006f
[Cycle 1473] PC=0x80000170 Inst=0x0000006f
[Cycle 1474] PC=0x80000170 Inst=0x00000000
[Cycle 1477] PC=0x80000168 Inst=0x0000006f
[Cycle 1478] PC=0x80000170 Inst=0x0000006f
[Cycle 1479] PC=0x80000170 Inst=0x00000000
[Cycle 1482] PC=0x80000168 Inst=0x0000006f
[Cycle 1483] PC=0x80000170 Inst=0x0000006f
[Cycle 1484] PC=0x80000170 Inst=0x00000000
[Cycle 1487] PC=0x80000168 Inst=0x0000006f
[Cycle 1488] PC=0x80000170 Inst=0x0000006f
[Cycle 1489] PC=0x80000170 Inst=0x00000000
[Cycle 1492] PC=0x80000168 Inst=0x0000006f
[Cycle 1493] PC=0x80000170 Inst=0x0000006f
[Cycle 1494] PC=0x80000170 Inst=0x00000000
[Cycle 1497] PC=0x80000168 Inst=0x0000006f
[Cycle 1498] PC=0x80000170 Inst=0x0000006f
[Cycle 1499] PC=0x80000170 Inst=0x00000000
[Cycle 1502] PC=0x80000168 Inst=0x0000006f
[Cycle 1503] PC=0x80000170 Inst=0x0000006f
[Cycle 1504] PC=0x80000170 Inst=0x00000000
[Cycle 1507] PC=0x80000168 Inst=0x0000006f
[Cycle 1508] PC=0x80000170 Inst=0x0000006f
[Cycle 1509] PC=0x80000170 Inst=0x00000000
[Cycle 1512] PC=0x80000168 Inst=0x0000006f
[Cycle 1513] PC=0x80000170 Inst=0x0000006f
[Cycle 1514] PC=0x80000170 Inst=0x00000000
[Cycle 1517] PC=0x80000168 Inst=0x0000006f
[Cycle 1518] PC=0x80000170 Inst=0x0000006f
[Cycle 1519] PC=0x80000170 Inst=0x00000000
[Cycle 1522] PC=0x80000168 Inst=0x0000006f
[Cycle 1523] PC=0x80000170 Inst=0x0000006f
[Cycle 1524] PC=0x80000170 Inst=0x00000000
[Cycle 1527] PC=0x80000168 Inst=0x0000006f
[Cycle 1528] PC=0x80000170 Inst=0x0000006f
[Cycle 1529] PC=0x80000170 Inst=0x00000000
[Cycle 1532] PC=0x80000168 Inst=0x0000006f
[Cycle 1533] PC=0x80000170 Inst=0x0000006f
[Cycle 1534] PC=0x80000170 Inst=0x00000000
[Cycle 1537] PC=0x80000168 Inst=0x0000006f
[Cycle 1538] PC=0x80000170 Inst=0x0000006f
[Cycle 1539] PC=0x80000170 Inst=0x00000000
[Cycle 1542] PC=0x80000168 Inst=0x0000006f
[Cycle 1543] PC=0x80000170 Inst=0x0000006f
[Cycle 1544] PC=0x80000170 Inst=0x00000000
[Cycle 1547] PC=0x80000168 Inst=0x0000006f
[Cycle 1548] PC=0x80000170 Inst=0x0000006f
[Cycle 1549] PC=0x80000170 Inst=0x00000000
[Cycle 1552] PC=0x80000168 Inst=0x0000006f
[Cycle 1553] PC=0x80000170 Inst=0x0000006f
[Cycle 1554] PC=0x80000170 Inst=0x00000000
[Cycle 1557] PC=0x80000168 Inst=0x0000006f
[Cycle 1558] PC=0x80000170 Inst=0x0000006f
[Cycle 1559] PC=0x80000170 Inst=0x00000000
[Cycle 1562] PC=0x80000168 Inst=0x0000006f
[Cycle 1563] PC=0x80000170 Inst=0x0000006f
[Cycle 1564] PC=0x80000170 Inst=0x00000000
[Cycle 1567] PC=0x80000168 Inst=0x0000006f
[Cycle 1568] PC=0x80000170 Inst=0x0000006f
[Cycle 1569] PC=0x80000170 Inst=0x00000000
[Cycle 1572] PC=0x80000168 Inst=0x0000006f
[Cycle 1573] PC=0x80000170 Inst=0x0000006f
[Cycle 1574] PC=0x80000170 Inst=0x00000000
[Cycle 1577] PC=0x80000168 Inst=0x0000006f
[Cycle 1578] PC=0x80000170 Inst=0x0000006f
[Cycle 1579] PC=0x80000170 Inst=0x00000000
[Cycle 1582] PC=0x80000168 Inst=0x0000006f
[Cycle 1583] PC=0x80000170 Inst=0x0000006f
[Cycle 1584] PC=0x80000170 Inst=0x00000000
[Cycle 1587] PC=0x80000168 Inst=0x0000006f
[Cycle 1588] PC=0x80000170 Inst=0x0000006f
[Cycle 1589] PC=0x80000170 Inst=0x00000000
[Cycle 1592] PC=0x80000168 Inst=0x0000006f
[Cycle 1593] PC=0x80000170 Inst=0x0000006f
[Cycle 1594] PC=0x80000170 Inst=0x00000000
[Cycle 1597] PC=0x80000168 Inst=0x0000006f
[Cycle 1598] PC=0x80000170 Inst=0x0000006f
[Cycle 1599] PC=0x80000170 Inst=0x00000000
[Cycle 1602] PC=0x80000168 Inst=0x0000006f
[Cycle 1603] PC=0x80000170 Inst=0x0000006f
[Cycle 1604] PC=0x80000170 Inst=0x00000000
[Cycle 1607] PC=0x80000168 Inst=0x0000006f
[Cycle 1608] PC=0x80000170 Inst=0x0000006f
[Cycle 1609] PC=0x80000170 Inst=0x00000000
[Cycle 1612] PC=0x80000168 Inst=0x0000006f
[Cycle 1613] PC=0x80000170 Inst=0x0000006f
[Cycle 1614] PC=0x80000170 Inst=0x00000000
[Cycle 1617] PC=0x80000168 Inst=0x0000006f
[Cycle 1618] PC=0x80000170 Inst=0x0000006f
[Cycle 1619] PC=0x80000170 Inst=0x00000000
[Cycle 1622] PC=0x80000168 Inst=0x0000006f
[Cycle 1623] PC=0x80000170 Inst=0x0000006f
[Cycle 1624] PC=0x80000170 Inst=0x00000000
[Cycle 1627] PC=0x80000168 Inst=0x0000006f
[Cycle 1628] PC=0x80000170 Inst=0x0000006f
[Cycle 1629] PC=0x80000170 Inst=0x00000000
[Cycle 1632] PC=0x80000168 Inst=0x0000006f
[Cycle 1633] PC=0x80000170 Inst=0x0000006f
[Cycle 1634] PC=0x80000170 Inst=0x00000000
[Cycle 1637] PC=0x80000168 Inst=0x0000006f
[Cycle 1638] PC=0x80000170 Inst=0x0000006f
[Cycle 1639] PC=0x80000170 Inst=0x00000000
[Cycle 1642] PC=0x80000168 Inst=0x0000006f
[Cycle 1643] PC=0x80000170 Inst=0x0000006f
[Cycle 1644] PC=0x80000170 Inst=0x00000000
[Cycle 1647] PC=0x80000168 Inst=0x0000006f
[Cycle 1648] PC=0x80000170 Inst=0x0000006f
[Cycle 1649] PC=0x80000170 Inst=0x00000000
[Cycle 1652] PC=0x80000168 Inst=0x0000006f
[Cycle 1653] PC=0x80000170 Inst=0x0000006f
[Cycle 1654] PC=0x80000170 Inst=0x00000000
[Cycle 1657] PC=0x80000168 Inst=0x0000006f
[Cycle 1658] PC=0x80000170 Inst=0x0000006f
[Cycle 1659] PC=0x80000170 Inst=0x00000000
[Cycle 1662] PC=0x80000168 Inst=0x0000006f
[Cycle 1663] PC=0x80000170 Inst=0x0000006f
[Cycle 1664] PC=0x80000170 Inst=0x00000000
[Cycle 1667] PC=0x80000168 Inst=0x0000006f
[Cycle 1668] PC=0x80000170 Inst=0x0000006f
[Cycle 1669] PC=0x80000170 Inst=0x00000000
[Cycle 1672] PC=0x80000168 Inst=0x0000006f
[Cycle 1673] PC=0x80000170 Inst=0x0000006f
[Cycle 1674] PC=0x80000170 Inst=0x00000000
[Cycle 1677] PC=0x80000168 Inst=0x0000006f
[Cycle 1678] PC=0x80000170 Inst=0x0000006f
[Cycle 1679] PC=0x80000170 Inst=0x00000000
[Cycle 1682] PC=0x80000168 Inst=0x0000006f
[Cycle 1683] PC=0x80000170 Inst=0x0000006f
[Cycle 1684] PC=0x80000170 Inst=0x00000000
[Cycle 1687] PC=0x80000168 Inst=0x0000006f
[Cycle 1688] PC=0x80000170 Inst=0x0000006f
[Cycle 1689] PC=0x80000170 Inst=0x00000000
[Cycle 1692] PC=0x80000168 Inst=0x0000006f
[Cycle 1693] PC=0x80000170 Inst=0x0000006f
[Cycle 1694] PC=0x80000170 Inst=0x00000000
[Cycle 1697] PC=0x80000168 Inst=0x0000006f
[Cycle 1698] PC=0x80000170 Inst=0x0000006f
[Cycle 1699] PC=0x80000170 Inst=0x00000000
[Cycle 1702] PC=0x80000168 Inst=0x0000006f
[Cycle 1703] PC=0x80000170 Inst=0x0000006f
[Cycle 1704] PC=0x80000170 Inst=0x00000000
[Cycle 1707] PC=0x80000168 Inst=0x0000006f
[Cycle 1708] PC=0x80000170 Inst=0x0000006f
[Cycle 1709] PC=0x80000170 Inst=0x00000000
[Cycle 1712] PC=0x80000168 Inst=0x0000006f
[Cycle 1713] PC=0x80000170 Inst=0x0000006f
[Cycle 1714] PC=0x80000170 Inst=0x00000000
[Cycle 1717] PC=0x80000168 Inst=0x0000006f
[Cycle 1718] PC=0x80000170 Inst=0x0000006f
[Cycle 1719] PC=0x80000170 Inst=0x00000000
[Cycle 1722] PC=0x80000168 Inst=0x0000006f
[Cycle 1723] PC=0x80000170 Inst=0x0000006f
[Cycle 1724] PC=0x80000170 Inst=0x00000000
[Cycle 1727] PC=0x80000168 Inst=0x0000006f
[Cycle 1728] PC=0x80000170 Inst=0x0000006f
[Cycle 1729] PC=0x80000170 Inst=0x00000000
[Cycle 1732] PC=0x80000168 Inst=0x0000006f
[Cycle 1733] PC=0x80000170 Inst=0x0000006f
[Cycle 1734] PC=0x80000170 Inst=0x00000000
[Cycle 1737] PC=0x80000168 Inst=0x0000006f
[Cycle 1738] PC=0x80000170 Inst=0x0000006f
[Cycle 1739] PC=0x80000170 Inst=0x00000000
[Cycle 1742] PC=0x80000168 Inst=0x0000006f
[Cycle 1743] PC=0x80000170 Inst=0x0000006f
[Cycle 1744] PC=0x80000170 Inst=0x00000000
[Cycle 1747] PC=0x80000168 Inst=0x0000006f
[Cycle 1748] PC=0x80000170 Inst=0x0000006f
[Cycle 1749] PC=0x80000170 Inst=0x00000000
[Cycle 1752] PC=0x80000168 Inst=0x0000006f
[Cycle 1753] PC=0x80000170 Inst=0x0000006f
[Cycle 1754] PC=0x80000170 Inst=0x00000000
[Cycle 1757] PC=0x80000168 Inst=0x0000006f
[Cycle 1758] PC=0x80000170 Inst=0x0000006f
[Cycle 1759] PC=0x80000170 Inst=0x00000000
[Cycle 1762] PC=0x80000168 Inst=0x0000006f
[Cycle 1763] PC=0x80000170 Inst=0x0000006f
[Cycle 1764] PC=0x80000170 Inst=0x00000000
[Cycle 1767] PC=0x80000168 Inst=0x0000006f
[Cycle 1768] PC=0x80000170 Inst=0x0000006f
[Cycle 1769] PC=0x80000170 Inst=0x00000000
[Cycle 1772] PC=0x80000168 Inst=0x0000006f
[Cycle 1773] PC=0x80000170 Inst=0x0000006f
[Cycle 1774] PC=0x80000170 Inst=0x00000000
[Cycle 1777] PC=0x80000168 Inst=0x0000006f
[Cycle 1778] PC=0x80000170 Inst=0x0000006f
[Cycle 1779] PC=0x80000170 Inst=0x00000000
[Cycle 1782] PC=0x80000168 Inst=0x0000006f
[Cycle 1783] PC=0x80000170 Inst=0x0000006f
[Cycle 1784] PC=0x80000170 Inst=0x00000000
[Cycle 1787] PC=0x80000168 Inst=0x0000006f
[Cycle 1788] PC=0x80000170 Inst=0x0000006f
[Cycle 1789] PC=0x80000170 Inst=0x00000000
[Cycle 1792] PC=0x80000168 Inst=0x0000006f
[Cycle 1793] PC=0x80000170 Inst=0x0000006f
[Cycle 1794] PC=0x80000170 Inst=0x00000000
[Cycle 1797] PC=0x80000168 Inst=0x0000006f
[Cycle 1798] PC=0x80000170 Inst=0x0000006f
[Cycle 1799] PC=0x80000170 Inst=0x00000000
[Cycle 1802] PC=0x80000168 Inst=0x0000006f
[Cycle 1803] PC=0x80000170 Inst=0x0000006f
[Cycle 1804] PC=0x80000170 Inst=0x00000000
[Cycle 1807] PC=0x80000168 Inst=0x0000006f
[Cycle 1808] PC=0x80000170 Inst=0x0000006f
[Cycle 1809] PC=0x80000170 Inst=0x00000000
[Cycle 1812] PC=0x80000168 Inst=0x0000006f
[Cycle 1813] PC=0x80000170 Inst=0x0000006f
[Cycle 1814] PC=0x80000170 Inst=0x00000000
[Cycle 1817] PC=0x80000168 Inst=0x0000006f
[Cycle 1818] PC=0x80000170 Inst=0x0000006f
[Cycle 1819] PC=0x80000170 Inst=0x00000000
[Cycle 1822] PC=0x80000168 Inst=0x0000006f
[Cycle 1823] PC=0x80000170 Inst=0x0000006f
[Cycle 1824] PC=0x80000170 Inst=0x00000000
[Cycle 1827] PC=0x80000168 Inst=0x0000006f
[Cycle 1828] PC=0x80000170 Inst=0x0000006f
[Cycle 1829] PC=0x80000170 Inst=0x00000000
[Cycle 1832] PC=0x80000168 Inst=0x0000006f
[Cycle 1833] PC=0x80000170 Inst=0x0000006f
[Cycle 1834] PC=0x80000170 Inst=0x00000000
[Cycle 1837] PC=0x80000168 Inst=0x0000006f
[Cycle 1838] PC=0x80000170 Inst=0x0000006f
[Cycle 1839] PC=0x80000170 Inst=0x00000000
[Cycle 1842] PC=0x80000168 Inst=0x0000006f
[Cycle 1843] PC=0x80000170 Inst=0x0000006f
[Cycle 1844] PC=0x80000170 Inst=0x00000000
[Cycle 1847] PC=0x80000168 Inst=0x0000006f
[Cycle 1848] PC=0x80000170 Inst=0x0000006f
[Cycle 1849] PC=0x80000170 Inst=0x00000000
[Cycle 1852] PC=0x80000168 Inst=0x0000006f
[Cycle 1853] PC=0x80000170 Inst=0x0000006f
[Cycle 1854] PC=0x80000170 Inst=0x00000000
[Cycle 1857] PC=0x80000168 Inst=0x0000006f
[Cycle 1858] PC=0x80000170 Inst=0x0000006f
[Cycle 1859] PC=0x80000170 Inst=0x00000000
[Cycle 1862] PC=0x80000168 Inst=0x0000006f
[Cycle 1863] PC=0x80000170 Inst=0x0000006f
[Cycle 1864] PC=0x80000170 Inst=0x00000000
[Cycle 1867] PC=0x80000168 Inst=0x0000006f
[Cycle 1868] PC=0x80000170 Inst=0x0000006f
[Cycle 1869] PC=0x80000170 Inst=0x00000000
[Cycle 1872] PC=0x80000168 Inst=0x0000006f
[Cycle 1873] PC=0x80000170 Inst=0x0000006f
[Cycle 1874] PC=0x80000170 Inst=0x00000000
[Cycle 1877] PC=0x80000168 Inst=0x0000006f
[Cycle 1878] PC=0x80000170 Inst=0x0000006f
[Cycle 1879] PC=0x80000170 Inst=0x00000000
[Cycle 1882] PC=0x80000168 Inst=0x0000006f
[Cycle 1883] PC=0x80000170 Inst=0x0000006f
[Cycle 1884] PC=0x80000170 Inst=0x00000000
[Cycle 1887] PC=0x80000168 Inst=0x0000006f
[Cycle 1888] PC=0x80000170 Inst=0x0000006f
[Cycle 1889] PC=0x80000170 Inst=0x00000000
[Cycle 1892] PC=0x80000168 Inst=0x0000006f
[Cycle 1893] PC=0x80000170 Inst=0x0000006f
[Cycle 1894] PC=0x80000170 Inst=0x00000000
[Cycle 1897] PC=0x80000168 Inst=0x0000006f
[Cycle 1898] PC=0x80000170 Inst=0x0000006f
[Cycle 1899] PC=0x80000170 Inst=0x00000000
[Cycle 1902] PC=0x80000168 Inst=0x0000006f
[Cycle 1903] PC=0x80000170 Inst=0x0000006f
[Cycle 1904] PC=0x80000170 Inst=0x00000000
[Cycle 1907] PC=0x80000168 Inst=0x0000006f
[Cycle 1908] PC=0x80000170 Inst=0x0000006f
[Cycle 1909] PC=0x80000170 Inst=0x00000000
[Cycle 1912] PC=0x80000168 Inst=0x0000006f
[Cycle 1913] PC=0x80000170 Inst=0x0000006f
[Cycle 1914] PC=0x80000170 Inst=0x00000000
[Cycle 1917] PC=0x80000168 Inst=0x0000006f
[Cycle 1918] PC=0x80000170 Inst=0x0000006f
[Cycle 1919] PC=0x80000170 Inst=0x00000000
[Cycle 1922] PC=0x80000168 Inst=0x0000006f
[Cycle 1923] PC=0x80000170 Inst=0x0000006f
[Cycle 1924] PC=0x80000170 Inst=0x00000000
[Cycle 1927] PC=0x80000168 Inst=0x0000006f
[Cycle 1928] PC=0x80000170 Inst=0x0000006f
[Cycle 1929] PC=0x80000170 Inst=0x00000000
[Cycle 1932] PC=0x80000168 Inst=0x0000006f
[Cycle 1933] PC=0x80000170 Inst=0x0000006f
[Cycle 1934] PC=0x80000170 Inst=0x00000000
[Cycle 1937] PC=0x80000168 Inst=0x0000006f
[Cycle 1938] PC=0x80000170 Inst=0x0000006f
[Cycle 1939] PC=0x80000170 Inst=0x00000000
[Cycle 1942] PC=0x80000168 Inst=0x0000006f
[Cycle 1943] PC=0x80000170 Inst=0x0000006f
[Cycle 1944] PC=0x80000170 Inst=0x00000000
[Cycle 1947] PC=0x80000168 Inst=0x0000006f
[Cycle 1948] PC=0x80000170 Inst=0x0000006f
[Cycle 1949] PC=0x80000170 Inst=0x00000000
[Cycle 1952] PC=0x80000168 Inst=0x0000006f
[Cycle 1953] PC=0x80000170 Inst=0x0000006f
[Cycle 1954] PC=0x80000170 Inst=0x00000000
[Cycle 1957] PC=0x80000168 Inst=0x0000006f
[Cycle 1958] PC=0x80000170 Inst=0x0000006f
[Cycle 1959] PC=0x80000170 Inst=0x00000000
[Cycle 1962] PC=0x80000168 Inst=0x0000006f
[Cycle 1963] PC=0x80000170 Inst=0x0000006f
[Cycle 1964] PC=0x80000170 Inst=0x00000000
[Cycle 1967] PC=0x80000168 Inst=0x0000006f
[Cycle 1968] PC=0x80000170 Inst=0x0000006f
[Cycle 1969] PC=0x80000170 Inst=0x00000000
[Cycle 1972] PC=0x80000168 Inst=0x0000006f
[Cycle 1973] PC=0x80000170 Inst=0x0000006f
[Cycle 1974] PC=0x80000170 Inst=0x00000000
[Cycle 1977] PC=0x80000168 Inst=0x0000006f
[Cycle 1978] PC=0x80000170 Inst=0x0000006f
[Cycle 1979] PC=0x80000170 Inst=0x00000000
[Cycle 1982] PC=0x80000168 Inst=0x0000006f
[Cycle 1983] PC=0x80000170 Inst=0x0000006f
[Cycle 1984] PC=0x80000170 Inst=0x00000000
[Cycle 1987] PC=0x80000168 Inst=0x0000006f
[Cycle 1988] PC=0x80000170 Inst=0x0000006f
[Cycle 1989] PC=0x80000170 Inst=0x00000000
[Cycle 1992] PC=0x80000168 Inst=0x0000006f
[Cycle 1993] PC=0x80000170 Inst=0x0000006f
[Cycle 1994] PC=0x80000170 Inst=0x00000000
[Cycle 1997] PC=0x80000168 Inst=0x0000006f
[Cycle 1998] PC=0x80000170 Inst=0x0000006f
[Cycle 1999] PC=0x80000170 Inst=0x00000000
[Cycle 2002] PC=0x80000168 Inst=0x0000006f
[Cycle 2003] PC=0x80000170 Inst=0x0000006f
[Cycle 2004] PC=0x80000170 Inst=0x00000000
[Cycle 2007] PC=0x80000168 Inst=0x0000006f
[Cycle 2008] PC=0x80000170 Inst=0x0000006f
[Cycle 2009] PC=0x80000170 Inst=0x00000000
[Cycle 2012] PC=0x80000168 Inst=0x0000006f
[Cycle 2013] PC=0x80000170 Inst=0x0000006f
[Cycle 2014] PC=0x80000170 Inst=0x00000000
[Cycle 2017] PC=0x80000168 Inst=0x0000006f
[Cycle 2018] PC=0x80000170 Inst=0x0000006f
[Cycle 2019] PC=0x80000170 Inst=0x00000000
[Cycle 2022] PC=0x80000168 Inst=0x0000006f
[Cycle 2023] PC=0x80000170 Inst=0x0000006f
[Cycle 2024] PC=0x80000170 Inst=0x00000000
[Cycle 2027] PC=0x80000168 Inst=0x0000006f
[Cycle 2028] PC=0x80000170 Inst=0x0000006f
[Cycle 2029] PC=0x80000170 Inst=0x00000000
[Cycle 2032] PC=0x80000168 Inst=0x0000006f
[Cycle 2033] PC=0x80000170 Inst=0x0000006f
[Cycle 2034] PC=0x80000170 Inst=0x00000000
[Cycle 2037] PC=0x80000168 Inst=0x0000006f
[Cycle 2038] PC=0x80000170 Inst=0x0000006f
[Cycle 2039] PC=0x80000170 Inst=0x00000000
[Cycle 2042] PC=0x80000168 Inst=0x0000006f
[Cycle 2043] PC=0x80000170 Inst=0x0000006f
[Cycle 2044] PC=0x80000170 Inst=0x00000000
[Cycle 2047] PC=0x80000168 Inst=0x0000006f
[Cycle 2048] PC=0x80000170 Inst=0x0000006f
[Cycle 2049] PC=0x80000170 Inst=0x00000000
[Cycle 2052] PC=0x80000168 Inst=0x0000006f
[Cycle 2053] PC=0x80000170 Inst=0x0000006f
[Cycle 2054] PC=0x80000170 Inst=0x00000000
[Cycle 2057] PC=0x80000168 Inst=0x0000006f
[Cycle 2058] PC=0x80000170 Inst=0x0000006f
[Cycle 2059] PC=0x80000170 Inst=0x00000000
[Cycle 2062] PC=0x80000168 Inst=0x0000006f
[Cycle 2063] PC=0x80000170 Inst=0x0000006f
[Cycle 2064] PC=0x80000170 Inst=0x00000000
[Cycle 2067] PC=0x80000168 Inst=0x0000006f
[Cycle 2068] PC=0x80000170 Inst=0x0000006f
[Cycle 2069] PC=0x80000170 Inst=0x00000000
[Cycle 2072] PC=0x80000168 Inst=0x0000006f
[Cycle 2073] PC=0x80000170 Inst=0x0000006f
[Cycle 2074] PC=0x80000170 Inst=0x00000000
[Cycle 2077] PC=0x80000168 Inst=0x0000006f
[Cycle 2078] PC=0x80000170 Inst=0x0000006f
[Cycle 2079] PC=0x80000170 Inst=0x00000000
[Cycle 2082] PC=0x80000168 Inst=0x0000006f
[Cycle 2083] PC=0x80000170 Inst=0x0000006f
[Cycle 2084] PC=0x80000170 Inst=0x00000000
[Cycle 2087] PC=0x80000168 Inst=0x0000006f
[Cycle 2088] PC=0x80000170 Inst=0x0000006f
[Cycle 2089] PC=0x80000170 Inst=0x00000000
[Cycle 2092] PC=0x80000168 Inst=0x0000006f
[Cycle 2093] PC=0x80000170 Inst=0x0000006f
[Cycle 2094] PC=0x80000170 Inst=0x00000000
[Cycle 2097] PC=0x80000168 Inst=0x0000006f
[Cycle 2098] PC=0x80000170 Inst=0x0000006f
[Cycle 2099] PC=0x80000170 Inst=0x00000000
[Cycle 2102] PC=0x80000168 Inst=0x0000006f
[Cycle 2103] PC=0x80000170 Inst=0x0000006f
[Cycle 2104] PC=0x80000170 Inst=0x00000000
[Cycle 2107] PC=0x80000168 Inst=0x0000006f
[Cycle 2108] PC=0x80000170 Inst=0x0000006f
[Cycle 2109] PC=0x80000170 Inst=0x00000000
[Cycle 2112] PC=0x80000168 Inst=0x0000006f
[Cycle 2113] PC=0x80000170 Inst=0x0000006f
[Cycle 2114] PC=0x80000170 Inst=0x00000000
[Cycle 2117] PC=0x80000168 Inst=0x0000006f
[Cycle 2118] PC=0x80000170 Inst=0x0000006f
[Cycle 2119] PC=0x80000170 Inst=0x00000000
[Cycle 2122] PC=0x80000168 Inst=0x0000006f
[Cycle 2123] PC=0x80000170 Inst=0x0000006f
[Cycle 2124] PC=0x80000170 Inst=0x00000000
[Cycle 2127] PC=0x80000168 Inst=0x0000006f
[Cycle 2128] PC=0x80000170 Inst=0x0000006f
[Cycle 2129] PC=0x80000170 Inst=0x00000000
[Cycle 2132] PC=0x80000168 Inst=0x0000006f
[Cycle 2133] PC=0x80000170 Inst=0x0000006f
[Cycle 2134] PC=0x80000170 Inst=0x00000000
[Cycle 2137] PC=0x80000168 Inst=0x0000006f
[Cycle 2138] PC=0x80000170 Inst=0x0000006f
[Cycle 2139] PC=0x80000170 Inst=0x00000000
[Cycle 2142] PC=0x80000168 Inst=0x0000006f
[Cycle 2143] PC=0x80000170 Inst=0x0000006f
[Cycle 2144] PC=0x80000170 Inst=0x00000000
[Cycle 2147] PC=0x80000168 Inst=0x0000006f
[Cycle 2148] PC=0x80000170 Inst=0x0000006f
[Cycle 2149] PC=0x80000170 Inst=0x00000000
[Cycle 2152] PC=0x80000168 Inst=0x0000006f
[Cycle 2153] PC=0x80000170 Inst=0x0000006f
[Cycle 2154] PC=0x80000170 Inst=0x00000000
[Cycle 2157] PC=0x80000168 Inst=0x0000006f
[Cycle 2158] PC=0x80000170 Inst=0x0000006f
[Cycle 2159] PC=0x80000170 Inst=0x00000000
[Cycle 2162] PC=0x80000168 Inst=0x0000006f
[Cycle 2163] PC=0x80000170 Inst=0x0000006f
[Cycle 2164] PC=0x80000170 Inst=0x00000000
[Cycle 2167] PC=0x80000168 Inst=0x0000006f
[Cycle 2168] PC=0x80000170 Inst=0x0000006f
[Cycle 2169] PC=0x80000170 Inst=0x00000000
[Cycle 2172] PC=0x80000168 Inst=0x0000006f
[Cycle 2173] PC=0x80000170 Inst=0x0000006f
[Cycle 2174] PC=0x80000170 Inst=0x00000000
[Cycle 2177] PC=0x80000168 Inst=0x0000006f
[Cycle 2178] PC=0x80000170 Inst=0x0000006f
[Cycle 2179] PC=0x80000170 Inst=0x00000000
[Cycle 2182] PC=0x80000168 Inst=0x0000006f
[Cycle 2183] PC=0x80000170 Inst=0x0000006f
[Cycle 2184] PC=0x80000170 Inst=0x00000000
[Cycle 2187] PC=0x80000168 Inst=0x0000006f
[Cycle 2188] PC=0x80000170 Inst=0x0000006f
[Cycle 2189] PC=0x80000170 Inst=0x00000000
[Cycle 2192] PC=0x80000168 Inst=0x0000006f
[Cycle 2193] PC=0x80000170 Inst=0x0000006f
[Cycle 2194] PC=0x80000170 Inst=0x00000000
[Cycle 2197] PC=0x80000168 Inst=0x0000006f
[Cycle 2198] PC=0x80000170 Inst=0x0000006f
[Cycle 2199] PC=0x80000170 Inst=0x00000000
[Cycle 2202] PC=0x80000168 Inst=0x0000006f
[Cycle 2203] PC=0x80000170 Inst=0x0000006f
[Cycle 2204] PC=0x80000170 Inst=0x00000000
[Cycle 2207] PC=0x80000168 Inst=0x0000006f
[Cycle 2208] PC=0x80000170 Inst=0x0000006f
[Cycle 2209] PC=0x80000170 Inst=0x00000000
[Cycle 2212] PC=0x80000168 Inst=0x0000006f
[Cycle 2213] PC=0x80000170 Inst=0x0000006f
[Cycle 2214] PC=0x80000170 Inst=0x00000000
[Cycle 2217] PC=0x80000168 Inst=0x0000006f
[Cycle 2218] PC=0x80000170 Inst=0x0000006f
[Cycle 2219] PC=0x80000170 Inst=0x00000000
[Cycle 2222] PC=0x80000168 Inst=0x0000006f
[Cycle 2223] PC=0x80000170 Inst=0x0000006f
[Cycle 2224] PC=0x80000170 Inst=0x00000000
[Cycle 2227] PC=0x80000168 Inst=0x0000006f
[Cycle 2228] PC=0x80000170 Inst=0x0000006f
[Cycle 2229] PC=0x80000170 Inst=0x00000000
[Cycle 2232] PC=0x80000168 Inst=0x0000006f
[Cycle 2233] PC=0x80000170 Inst=0x0000006f
[Cycle 2234] PC=0x80000170 Inst=0x00000000
[Cycle 2237] PC=0x80000168 Inst=0x0000006f
[Cycle 2238] PC=0x80000170 Inst=0x0000006f
[Cycle 2239] PC=0x80000170 Inst=0x00000000
[Cycle 2242] PC=0x80000168 Inst=0x0000006f
[Cycle 2243] PC=0x80000170 Inst=0x0000006f
[Cycle 2244] PC=0x80000170 Inst=0x00000000
[Cycle 2247] PC=0x80000168 Inst=0x0000006f
[Cycle 2248] PC=0x80000170 Inst=0x0000006f
[Cycle 2249] PC=0x80000170 Inst=0x00000000
[Cycle 2252] PC=0x80000168 Inst=0x0000006f
[Cycle 2253] PC=0x80000170 Inst=0x0000006f
[Cycle 2254] PC=0x80000170 Inst=0x00000000
[Cycle 2257] PC=0x80000168 Inst=0x0000006f
[Cycle 2258] PC=0x80000170 Inst=0x0000006f
[Cycle 2259] PC=0x80000170 Inst=0x00000000
[Cycle 2262] PC=0x80000168 Inst=0x0000006f
[Cycle 2263] PC=0x80000170 Inst=0x0000006f
[Cycle 2264] PC=0x80000170 Inst=0x00000000
[Cycle 2267] PC=0x80000168 Inst=0x0000006f
[Cycle 2268] PC=0x80000170 Inst=0x0000006f
[Cycle 2269] PC=0x80000170 Inst=0x00000000
[Cycle 2272] PC=0x80000168 Inst=0x0000006f
[Cycle 2273] PC=0x80000170 Inst=0x0000006f
[Cycle 2274] PC=0x80000170 Inst=0x00000000
[Cycle 2277] PC=0x80000168 Inst=0x0000006f
[Cycle 2278] PC=0x80000170 Inst=0x0000006f
[Cycle 2279] PC=0x80000170 Inst=0x00000000
[Cycle 2282] PC=0x80000168 Inst=0x0000006f
[Cycle 2283] PC=0x80000170 Inst=0x0000006f
[Cycle 2284] PC=0x80000170 Inst=0x00000000
[Cycle 2287] PC=0x80000168 Inst=0x0000006f
[Cycle 2288] PC=0x80000170 Inst=0x0000006f
[Cycle 2289] PC=0x80000170 Inst=0x00000000
[Cycle 2292] PC=0x80000168 Inst=0x0000006f
[Cycle 2293] PC=0x80000170 Inst=0x0000006f
[Cycle 2294] PC=0x80000170 Inst=0x00000000
[Cycle 2297] PC=0x80000168 Inst=0x0000006f
[Cycle 2298] PC=0x80000170 Inst=0x0000006f
[Cycle 2299] PC=0x80000170 Inst=0x00000000
[Cycle 2302] PC=0x80000168 Inst=0x0000006f
[Cycle 2303] PC=0x80000170 Inst=0x0000006f
[Cycle 2304] PC=0x80000170 Inst=0x00000000
[Cycle 2307] PC=0x80000168 Inst=0x0000006f
[Cycle 2308] PC=0x80000170 Inst=0x0000006f
[Cycle 2309] PC=0x80000170 Inst=0x00000000
[Cycle 2312] PC=0x80000168 Inst=0x0000006f
[Cycle 2313] PC=0x80000170 Inst=0x0000006f
[Cycle 2314] PC=0x80000170 Inst=0x00000000
[Cycle 2317] PC=0x80000168 Inst=0x0000006f
[Cycle 2318] PC=0x80000170 Inst=0x0000006f
[Cycle 2319] PC=0x80000170 Inst=0x00000000
[Cycle 2322] PC=0x80000168 Inst=0x0000006f
[Cycle 2323] PC=0x80000170 Inst=0x0000006f
[Cycle 2324] PC=0x80000170 Inst=0x00000000
[Cycle 2327] PC=0x80000168 Inst=0x0000006f
[Cycle 2328] PC=0x80000170 Inst=0x0000006f
[Cycle 2329] PC=0x80000170 Inst=0x00000000
[Cycle 2332] PC=0x80000168 Inst=0x0000006f
[Cycle 2333] PC=0x80000170 Inst=0x0000006f
[Cycle 2334] PC=0x80000170 Inst=0x00000000
[Cycle 2337] PC=0x80000168 Inst=0x0000006f
[Cycle 2338] PC=0x80000170 Inst=0x0000006f
[Cycle 2339] PC=0x80000170 Inst=0x00000000
[Cycle 2342] PC=0x80000168 Inst=0x0000006f
[Cycle 2343] PC=0x80000170 Inst=0x0000006f
[Cycle 2344] PC=0x80000170 Inst=0x00000000
[Cycle 2347] PC=0x80000168 Inst=0x0000006f
[Cycle 2348] PC=0x80000170 Inst=0x0000006f
[Cycle 2349] PC=0x80000170 Inst=0x00000000
[Cycle 2352] PC=0x80000168 Inst=0x0000006f
[Cycle 2353] PC=0x80000170 Inst=0x0000006f
[Cycle 2354] PC=0x80000170 Inst=0x00000000
[Cycle 2357] PC=0x80000168 Inst=0x0000006f
[Cycle 2358] PC=0x80000170 Inst=0x0000006f
[Cycle 2359] PC=0x80000170 Inst=0x00000000
[Cycle 2362] PC=0x80000168 Inst=0x0000006f
[Cycle 2363] PC=0x80000170 Inst=0x0000006f
[Cycle 2364] PC=0x80000170 Inst=0x00000000
[Cycle 2367] PC=0x80000168 Inst=0x0000006f
[Cycle 2368] PC=0x80000170 Inst=0x0000006f
[Cycle 2369] PC=0x80000170 Inst=0x00000000
[Cycle 2372] PC=0x80000168 Inst=0x0000006f
[Cycle 2373] PC=0x80000170 Inst=0x0000006f
[Cycle 2374] PC=0x80000170 Inst=0x00000000
[Cycle 2377] PC=0x80000168 Inst=0x0000006f
[Cycle 2378] PC=0x80000170 Inst=0x0000006f
[Cycle 2379] PC=0x80000170 Inst=0x00000000
[Cycle 2382] PC=0x80000168 Inst=0x0000006f
[Cycle 2383] PC=0x80000170 Inst=0x0000006f
[Cycle 2384] PC=0x80000170 Inst=0x00000000
[Cycle 2387] PC=0x80000168 Inst=0x0000006f
[Cycle 2388] PC=0x80000170 Inst=0x0000006f
[Cycle 2389] PC=0x80000170 Inst=0x00000000
[Cycle 2392] PC=0x80000168 Inst=0x0000006f
[Cycle 2393] PC=0x80000170 Inst=0x0000006f
[Cycle 2394] PC=0x80000170 Inst=0x00000000
[Cycle 2397] PC=0x80000168 Inst=0x0000006f
[Cycle 2398] PC=0x80000170 Inst=0x0000006f
[Cycle 2399] PC=0x80000170 Inst=0x00000000
[Cycle 2402] PC=0x80000168 Inst=0x0000006f
[Cycle 2403] PC=0x80000170 Inst=0x0000006f
[Cycle 2404] PC=0x80000170 Inst=0x00000000
[Cycle 2407] PC=0x80000168 Inst=0x0000006f
[Cycle 2408] PC=0x80000170 Inst=0x0000006f
[Cycle 2409] PC=0x80000170 Inst=0x00000000
[Cycle 2412] PC=0x80000168 Inst=0x0000006f
[Cycle 2413] PC=0x80000170 Inst=0x0000006f
[Cycle 2414] PC=0x80000170 Inst=0x00000000
[Cycle 2417] PC=0x80000168 Inst=0x0000006f
[Cycle 2418] PC=0x80000170 Inst=0x0000006f
[Cycle 2419] PC=0x80000170 Inst=0x00000000
[Cycle 2422] PC=0x80000168 Inst=0x0000006f
[Cycle 2423] PC=0x80000170 Inst=0x0000006f
[Cycle 2424] PC=0x80000170 Inst=0x00000000
[Cycle 2427] PC=0x80000168 Inst=0x0000006f
[Cycle 2428] PC=0x80000170 Inst=0x0000006f
[Cycle 2429] PC=0x80000170 Inst=0x00000000
[Cycle 2432] PC=0x80000168 Inst=0x0000006f
[Cycle 2433] PC=0x80000170 Inst=0x0000006f
[Cycle 2434] PC=0x80000170 Inst=0x00000000
[Cycle 2437] PC=0x80000168 Inst=0x0000006f
[Cycle 2438] PC=0x80000170 Inst=0x0000006f
[Cycle 2439] PC=0x80000170 Inst=0x00000000
[Cycle 2442] PC=0x80000168 Inst=0x0000006f
[Cycle 2443] PC=0x80000170 Inst=0x0000006f
[Cycle 2444] PC=0x80000170 Inst=0x00000000
[Cycle 2447] PC=0x80000168 Inst=0x0000006f
[Cycle 2448] PC=0x80000170 Inst=0x0000006f
[Cycle 2449] PC=0x80000170 Inst=0x00000000
[Cycle 2452] PC=0x80000168 Inst=0x0000006f
[Cycle 2453] PC=0x80000170 Inst=0x0000006f
[Cycle 2454] PC=0x80000170 Inst=0x00000000
[Cycle 2457] PC=0x80000168 Inst=0x0000006f
[Cycle 2458] PC=0x80000170 Inst=0x0000006f
[Cycle 2459] PC=0x80000170 Inst=0x00000000
[Cycle 2462] PC=0x80000168 Inst=0x0000006f
[Cycle 2463] PC=0x80000170 Inst=0x0000006f
[Cycle 2464] PC=0x80000170 Inst=0x00000000
[Cycle 2467] PC=0x80000168 Inst=0x0000006f
[Cycle 2468] PC=0x80000170 Inst=0x0000006f
[Cycle 2469] PC=0x80000170 Inst=0x00000000
[Cycle 2472] PC=0x80000168 Inst=0x0000006f
[Cycle 2473] PC=0x80000170 Inst=0x0000006f
[Cycle 2474] PC=0x80000170 Inst=0x00000000
[Cycle 2477] PC=0x80000168 Inst=0x0000006f
[Cycle 2478] PC=0x80000170 Inst=0x0000006f
[Cycle 2479] PC=0x80000170 Inst=0x00000000
[Cycle 2482] PC=0x80000168 Inst=0x0000006f
[Cycle 2483] PC=0x80000170 Inst=0x0000006f
[Cycle 2484] PC=0x80000170 Inst=0x00000000
[Cycle 2487] PC=0x80000168 Inst=0x0000006f
[Cycle 2488] PC=0x80000170 Inst=0x0000006f
[Cycle 2489] PC=0x80000170 Inst=0x00000000
[Cycle 2492] PC=0x80000168 Inst=0x0000006f
[Cycle 2493] PC=0x80000170 Inst=0x0000006f
[Cycle 2494] PC=0x80000170 Inst=0x00000000
[Cycle 2497] PC=0x80000168 Inst=0x0000006f
[Cycle 2498] PC=0x80000170 Inst=0x0000006f
[Cycle 2499] PC=0x80000170 Inst=0x00000000
[Cycle 2502] PC=0x80000168 Inst=0x0000006f
[Cycle 2503] PC=0x80000170 Inst=0x0000006f
[Cycle 2504] PC=0x80000170 Inst=0x00000000
[Cycle 2507] PC=0x80000168 Inst=0x0000006f
[Cycle 2508] PC=0x80000170 Inst=0x0000006f
[Cycle 2509] PC=0x80000170 Inst=0x00000000
[Cycle 2512] PC=0x80000168 Inst=0x0000006f
[Cycle 2513] PC=0x80000170 Inst=0x0000006f
[Cycle 2514] PC=0x80000170 Inst=0x00000000
[Cycle 2517] PC=0x80000168 Inst=0x0000006f
[Cycle 2518] PC=0x80000170 Inst=0x0000006f
[Cycle 2519] PC=0x80000170 Inst=0x00000000
[Cycle 2522] PC=0x80000168 Inst=0x0000006f
[Cycle 2523] PC=0x80000170 Inst=0x0000006f
[Cycle 2524] PC=0x80000170 Inst=0x00000000
[Cycle 2527] PC=0x80000168 Inst=0x0000006f
[Cycle 2528] PC=0x80000170 Inst=0x0000006f
[Cycle 2529] PC=0x80000170 Inst=0x00000000
[Cycle 2532] PC=0x80000168 Inst=0x0000006f
[Cycle 2533] PC=0x80000170 Inst=0x0000006f
[Cycle 2534] PC=0x80000170 Inst=0x00000000
[Cycle 2537] PC=0x80000168 Inst=0x0000006f
[Cycle 2538] PC=0x80000170 Inst=0x0000006f
[Cycle 2539] PC=0x80000170 Inst=0x00000000
[Cycle 2542] PC=0x80000168 Inst=0x0000006f
[Cycle 2543] PC=0x80000170 Inst=0x0000006f
[Cycle 2544] PC=0x80000170 Inst=0x00000000
[Cycle 2547] PC=0x80000168 Inst=0x0000006f
[Cycle 2548] PC=0x80000170 Inst=0x0000006f
[Cycle 2549] PC=0x80000170 Inst=0x00000000
[Cycle 2552] PC=0x80000168 Inst=0x0000006f
[Cycle 2553] PC=0x80000170 Inst=0x0000006f
[Cycle 2554] PC=0x80000170 Inst=0x00000000
[Cycle 2557] PC=0x80000168 Inst=0x0000006f
[Cycle 2558] PC=0x80000170 Inst=0x0000006f
[Cycle 2559] PC=0x80000170 Inst=0x00000000
[Cycle 2562] PC=0x80000168 Inst=0x0000006f
[Cycle 2563] PC=0x80000170 Inst=0x0000006f
[Cycle 2564] PC=0x80000170 Inst=0x00000000
[Cycle 2567] PC=0x80000168 Inst=0x0000006f
[Cycle 2568] PC=0x80000170 Inst=0x0000006f
[Cycle 2569] PC=0x80000170 Inst=0x00000000
[Cycle 2572] PC=0x80000168 Inst=0x0000006f
[Cycle 2573] PC=0x80000170 Inst=0x0000006f
[Cycle 2574] PC=0x80000170 Inst=0x00000000
[Cycle 2577] PC=0x80000168 Inst=0x0000006f
[Cycle 2578] PC=0x80000170 Inst=0x0000006f
[Cycle 2579] PC=0x80000170 Inst=0x00000000
[Cycle 2582] PC=0x80000168 Inst=0x0000006f
[Cycle 2583] PC=0x80000170 Inst=0x0000006f
[Cycle 2584] PC=0x80000170 Inst=0x00000000
[Cycle 2587] PC=0x80000168 Inst=0x0000006f
[Cycle 2588] PC=0x80000170 Inst=0x0000006f
[Cycle 2589] PC=0x80000170 Inst=0x00000000
[Cycle 2592] PC=0x80000168 Inst=0x0000006f
[Cycle 2593] PC=0x80000170 Inst=0x0000006f
[Cycle 2594] PC=0x80000170 Inst=0x00000000
[Cycle 2597] PC=0x80000168 Inst=0x0000006f
[Cycle 2598] PC=0x80000170 Inst=0x0000006f
[Cycle 2599] PC=0x80000170 Inst=0x00000000
[Cycle 2602] PC=0x80000168 Inst=0x0000006f
[Cycle 2603] PC=0x80000170 Inst=0x0000006f
[Cycle 2604] PC=0x80000170 Inst=0x00000000
[Cycle 2607] PC=0x80000168 Inst=0x0000006f
[Cycle 2608] PC=0x80000170 Inst=0x0000006f
[Cycle 2609] PC=0x80000170 Inst=0x00000000
[Cycle 2612] PC=0x80000168 Inst=0x0000006f
[Cycle 2613] PC=0x80000170 Inst=0x0000006f
[Cycle 2614] PC=0x80000170 Inst=0x00000000
[Cycle 2617] PC=0x80000168 Inst=0x0000006f
[Cycle 2618] PC=0x80000170 Inst=0x0000006f
[Cycle 2619] PC=0x80000170 Inst=0x00000000
[Cycle 2622] PC=0x80000168 Inst=0x0000006f
[Cycle 2623] PC=0x80000170 Inst=0x0000006f
[Cycle 2624] PC=0x80000170 Inst=0x00000000
[Cycle 2627] PC=0x80000168 Inst=0x0000006f
[Cycle 2628] PC=0x80000170 Inst=0x0000006f
[Cycle 2629] PC=0x80000170 Inst=0x00000000
[Cycle 2632] PC=0x80000168 Inst=0x0000006f
[Cycle 2633] PC=0x80000170 Inst=0x0000006f
[Cycle 2634] PC=0x80000170 Inst=0x00000000
[Cycle 2637] PC=0x80000168 Inst=0x0000006f
[Cycle 2638] PC=0x80000170 Inst=0x0000006f
[Cycle 2639] PC=0x80000170 Inst=0x00000000
[Cycle 2642] PC=0x80000168 Inst=0x0000006f
[Cycle 2643] PC=0x80000170 Inst=0x0000006f
[Cycle 2644] PC=0x80000170 Inst=0x00000000
[Cycle 2647] PC=0x80000168 Inst=0x0000006f
[Cycle 2648] PC=0x80000170 Inst=0x0000006f
[Cycle 2649] PC=0x80000170 Inst=0x00000000
[Cycle 2652] PC=0x80000168 Inst=0x0000006f
[Cycle 2653] PC=0x80000170 Inst=0x0000006f
[Cycle 2654] PC=0x80000170 Inst=0x00000000
[Cycle 2657] PC=0x80000168 Inst=0x0000006f
[Cycle 2658] PC=0x80000170 Inst=0x0000006f
[Cycle 2659] PC=0x80000170 Inst=0x00000000
[Cycle 2662] PC=0x80000168 Inst=0x0000006f
[Cycle 2663] PC=0x80000170 Inst=0x0000006f
[Cycle 2664] PC=0x80000170 Inst=0x00000000
[Cycle 2667] PC=0x80000168 Inst=0x0000006f
[Cycle 2668] PC=0x80000170 Inst=0x0000006f
[Cycle 2669] PC=0x80000170 Inst=0x00000000
[Cycle 2672] PC=0x80000168 Inst=0x0000006f
[Cycle 2673] PC=0x80000170 Inst=0x0000006f
[Cycle 2674] PC=0x80000170 Inst=0x00000000
[Cycle 2677] PC=0x80000168 Inst=0x0000006f
[Cycle 2678] PC=0x80000170 Inst=0x0000006f
[Cycle 2679] PC=0x80000170 Inst=0x00000000
[Cycle 2682] PC=0x80000168 Inst=0x0000006f
[Cycle 2683] PC=0x80000170 Inst=0x0000006f
[Cycle 2684] PC=0x80000170 Inst=0x00000000
[Cycle 2687] PC=0x80000168 Inst=0x0000006f
[Cycle 2688] PC=0x80000170 Inst=0x0000006f
[Cycle 2689] PC=0x80000170 Inst=0x00000000
[Cycle 2692] PC=0x80000168 Inst=0x0000006f
[Cycle 2693] PC=0x80000170 Inst=0x0000006f
[Cycle 2694] PC=0x80000170 Inst=0x00000000
[Cycle 2697] PC=0x80000168 Inst=0x0000006f
[Cycle 2698] PC=0x80000170 Inst=0x0000006f
[Cycle 2699] PC=0x80000170 Inst=0x00000000
[Cycle 2702] PC=0x80000168 Inst=0x0000006f
[Cycle 2703] PC=0x80000170 Inst=0x0000006f
[Cycle 2704] PC=0x80000170 Inst=0x00000000
[Cycle 2707] PC=0x80000168 Inst=0x0000006f
[Cycle 2708] PC=0x80000170 Inst=0x0000006f
[Cycle 2709] PC=0x80000170 Inst=0x00000000
[Cycle 2712] PC=0x80000168 Inst=0x0000006f
[Cycle 2713] PC=0x80000170 Inst=0x0000006f
[Cycle 2714] PC=0x80000170 Inst=0x00000000
[Cycle 2717] PC=0x80000168 Inst=0x0000006f
[Cycle 2718] PC=0x80000170 Inst=0x0000006f
[Cycle 2719] PC=0x80000170 Inst=0x00000000
[Cycle 2722] PC=0x80000168 Inst=0x0000006f
[Cycle 2723] PC=0x80000170 Inst=0x0000006f
[Cycle 2724] PC=0x80000170 Inst=0x00000000
[Cycle 2727] PC=0x80000168 Inst=0x0000006f
[Cycle 2728] PC=0x80000170 Inst=0x0000006f
[Cycle 2729] PC=0x80000170 Inst=0x00000000
[Cycle 2732] PC=0x80000168 Inst=0x0000006f
[Cycle 2733] PC=0x80000170 Inst=0x0000006f
[Cycle 2734] PC=0x80000170 Inst=0x00000000
[Cycle 2737] PC=0x80000168 Inst=0x0000006f
[Cycle 2738] PC=0x80000170 Inst=0x0000006f
[Cycle 2739] PC=0x80000170 Inst=0x00000000
[Cycle 2742] PC=0x80000168 Inst=0x0000006f
[Cycle 2743] PC=0x80000170 Inst=0x0000006f
[Cycle 2744] PC=0x80000170 Inst=0x00000000
[Cycle 2747] PC=0x80000168 Inst=0x0000006f
[Cycle 2748] PC=0x80000170 Inst=0x0000006f
[Cycle 2749] PC=0x80000170 Inst=0x00000000
[Cycle 2752] PC=0x80000168 Inst=0x0000006f
[Cycle 2753] PC=0x80000170 Inst=0x0000006f
[Cycle 2754] PC=0x80000170 Inst=0x00000000
[Cycle 2757] PC=0x80000168 Inst=0x0000006f
[Cycle 2758] PC=0x80000170 Inst=0x0000006f
[Cycle 2759] PC=0x80000170 Inst=0x00000000
[Cycle 2762] PC=0x80000168 Inst=0x0000006f
[Cycle 2763] PC=0x80000170 Inst=0x0000006f
[Cycle 2764] PC=0x80000170 Inst=0x00000000
[Cycle 2767] PC=0x80000168 Inst=0x0000006f
[Cycle 2768] PC=0x80000170 Inst=0x0000006f
[Cycle 2769] PC=0x80000170 Inst=0x00000000
[Cycle 2772] PC=0x80000168 Inst=0x0000006f
[Cycle 2773] PC=0x80000170 Inst=0x0000006f
[Cycle 2774] PC=0x80000170 Inst=0x00000000
[Cycle 2777] PC=0x80000168 Inst=0x0000006f
[Cycle 2778] PC=0x80000170 Inst=0x0000006f
[Cycle 2779] PC=0x80000170 Inst=0x00000000
[Cycle 2782] PC=0x80000168 Inst=0x0000006f
[Cycle 2783] PC=0x80000170 Inst=0x0000006f
[Cycle 2784] PC=0x80000170 Inst=0x00000000
[Cycle 2787] PC=0x80000168 Inst=0x0000006f
[Cycle 2788] PC=0x80000170 Inst=0x0000006f
[Cycle 2789] PC=0x80000170 Inst=0x00000000
[Cycle 2792] PC=0x80000168 Inst=0x0000006f
[Cycle 2793] PC=0x80000170 Inst=0x0000006f
[Cycle 2794] PC=0x80000170 Inst=0x00000000
[Cycle 2797] PC=0x80000168 Inst=0x0000006f
[Cycle 2798] PC=0x80000170 Inst=0x0000006f
[Cycle 2799] PC=0x80000170 Inst=0x00000000
[Cycle 2802] PC=0x80000168 Inst=0x0000006f
[Cycle 2803] PC=0x80000170 Inst=0x0000006f
[Cycle 2804] PC=0x80000170 Inst=0x00000000
[Cycle 2807] PC=0x80000168 Inst=0x0000006f
[Cycle 2808] PC=0x80000170 Inst=0x0000006f
[Cycle 2809] PC=0x80000170 Inst=0x00000000
[Cycle 2812] PC=0x80000168 Inst=0x0000006f
[Cycle 2813] PC=0x80000170 Inst=0x0000006f
[Cycle 2814] PC=0x80000170 Inst=0x00000000
[Cycle 2817] PC=0x80000168 Inst=0x0000006f
[Cycle 2818] PC=0x80000170 Inst=0x0000006f
[Cycle 2819] PC=0x80000170 Inst=0x00000000
[Cycle 2822] PC=0x80000168 Inst=0x0000006f
[Cycle 2823] PC=0x80000170 Inst=0x0000006f
[Cycle 2824] PC=0x80000170 Inst=0x00000000
[Cycle 2827] PC=0x80000168 Inst=0x0000006f
[Cycle 2828] PC=0x80000170 Inst=0x0000006f
[Cycle 2829] PC=0x80000170 Inst=0x00000000
[Cycle 2832] PC=0x80000168 Inst=0x0000006f
[Cycle 2833] PC=0x80000170 Inst=0x0000006f
[Cycle 2834] PC=0x80000170 Inst=0x00000000
[Cycle 2837] PC=0x80000168 Inst=0x0000006f
[Cycle 2838] PC=0x80000170 Inst=0x0000006f
[Cycle 2839] PC=0x80000170 Inst=0x00000000
[Cycle 2842] PC=0x80000168 Inst=0x0000006f
[Cycle 2843] PC=0x80000170 Inst=0x0000006f
[Cycle 2844] PC=0x80000170 Inst=0x00000000
[Cycle 2847] PC=0x80000168 Inst=0x0000006f
[Cycle 2848] PC=0x80000170 Inst=0x0000006f
[Cycle 2849] PC=0x80000170 Inst=0x00000000
[Cycle 2852] PC=0x80000168 Inst=0x0000006f
[Cycle 2853] PC=0x80000170 Inst=0x0000006f
[Cycle 2854] PC=0x80000170 Inst=0x00000000
[Cycle 2857] PC=0x80000168 Inst=0x0000006f
[Cycle 2858] PC=0x80000170 Inst=0x0000006f
[Cycle 2859] PC=0x80000170 Inst=0x00000000
[Cycle 2862] PC=0x80000168 Inst=0x0000006f
[Cycle 2863] PC=0x80000170 Inst=0x0000006f
[Cycle 2864] PC=0x80000170 Inst=0x00000000
[Cycle 2867] PC=0x80000168 Inst=0x0000006f
[Cycle 2868] PC=0x80000170 Inst=0x0000006f
[Cycle 2869] PC=0x80000170 Inst=0x00000000
[Cycle 2872] PC=0x80000168 Inst=0x0000006f
[Cycle 2873] PC=0x80000170 Inst=0x0000006f
[Cycle 2874] PC=0x80000170 Inst=0x00000000
[Cycle 2877] PC=0x80000168 Inst=0x0000006f
[Cycle 2878] PC=0x80000170 Inst=0x0000006f
[Cycle 2879] PC=0x80000170 Inst=0x00000000
[Cycle 2882] PC=0x80000168 Inst=0x0000006f
[Cycle 2883] PC=0x80000170 Inst=0x0000006f
[Cycle 2884] PC=0x80000170 Inst=0x00000000
[Cycle 2887] PC=0x80000168 Inst=0x0000006f
[Cycle 2888] PC=0x80000170 Inst=0x0000006f
[Cycle 2889] PC=0x80000170 Inst=0x00000000
[Cycle 2892] PC=0x80000168 Inst=0x0000006f
[Cycle 2893] PC=0x80000170 Inst=0x0000006f
[Cycle 2894] PC=0x80000170 Inst=0x00000000
[Cycle 2897] PC=0x80000168 Inst=0x0000006f
[Cycle 2898] PC=0x80000170 Inst=0x0000006f
[Cycle 2899] PC=0x80000170 Inst=0x00000000
[Cycle 2902] PC=0x80000168 Inst=0x0000006f
[Cycle 2903] PC=0x80000170 Inst=0x0000006f
[Cycle 2904] PC=0x80000170 Inst=0x00000000
[Cycle 2907] PC=0x80000168 Inst=0x0000006f
[Cycle 2908] PC=0x80000170 Inst=0x0000006f
[Cycle 2909] PC=0x80000170 Inst=0x00000000
[Cycle 2912] PC=0x80000168 Inst=0x0000006f
[Cycle 2913] PC=0x80000170 Inst=0x0000006f
[Cycle 2914] PC=0x80000170 Inst=0x00000000
[Cycle 2917] PC=0x80000168 Inst=0x0000006f
[Cycle 2918] PC=0x80000170 Inst=0x0000006f
[Cycle 2919] PC=0x80000170 Inst=0x00000000
[Cycle 2922] PC=0x80000168 Inst=0x0000006f
[Cycle 2923] PC=0x80000170 Inst=0x0000006f
[Cycle 2924] PC=0x80000170 Inst=0x00000000
[Cycle 2927] PC=0x80000168 Inst=0x0000006f
[Cycle 2928] PC=0x80000170 Inst=0x0000006f
[Cycle 2929] PC=0x80000170 Inst=0x00000000
[Cycle 2932] PC=0x80000168 Inst=0x0000006f
[Cycle 2933] PC=0x80000170 Inst=0x0000006f
[Cycle 2934] PC=0x80000170 Inst=0x00000000
[Cycle 2937] PC=0x80000168 Inst=0x0000006f
[Cycle 2938] PC=0x80000170 Inst=0x0000006f
[Cycle 2939] PC=0x80000170 Inst=0x00000000
[Cycle 2942] PC=0x80000168 Inst=0x0000006f
[Cycle 2943] PC=0x80000170 Inst=0x0000006f
[Cycle 2944] PC=0x80000170 Inst=0x00000000
[Cycle 2947] PC=0x80000168 Inst=0x0000006f
[Cycle 2948] PC=0x80000170 Inst=0x0000006f
[Cycle 2949] PC=0x80000170 Inst=0x00000000
[Cycle 2952] PC=0x80000168 Inst=0x0000006f
[Cycle 2953] PC=0x80000170 Inst=0x0000006f
[Cycle 2954] PC=0x80000170 Inst=0x00000000
[Cycle 2957] PC=0x80000168 Inst=0x0000006f
[Cycle 2958] PC=0x80000170 Inst=0x0000006f
[Cycle 2959] PC=0x80000170 Inst=0x00000000
[Cycle 2962] PC=0x80000168 Inst=0x0000006f
[Cycle 2963] PC=0x80000170 Inst=0x0000006f
[Cycle 2964] PC=0x80000170 Inst=0x00000000
[Cycle 2967] PC=0x80000168 Inst=0x0000006f
[Cycle 2968] PC=0x80000170 Inst=0x0000006f
[Cycle 2969] PC=0x80000170 Inst=0x00000000
[Cycle 2972] PC=0x80000168 Inst=0x0000006f
[Cycle 2973] PC=0x80000170 Inst=0x0000006f
[Cycle 2974] PC=0x80000170 Inst=0x00000000
[Cycle 2977] PC=0x80000168 Inst=0x0000006f
[Cycle 2978] PC=0x80000170 Inst=0x0000006f
[Cycle 2979] PC=0x80000170 Inst=0x00000000
[Cycle 2982] PC=0x80000168 Inst=0x0000006f
[Cycle 2983] PC=0x80000170 Inst=0x0000006f
[Cycle 2984] PC=0x80000170 Inst=0x00000000
[Cycle 2987] PC=0x80000168 Inst=0x0000006f
[Cycle 2988] PC=0x80000170 Inst=0x0000006f
[Cycle 2989] PC=0x80000170 Inst=0x00000000
[Cycle 2992] PC=0x80000168 Inst=0x0000006f
[Cycle 2993] PC=0x80000170 Inst=0x0000006f
[Cycle 2994] PC=0x80000170 Inst=0x00000000
[Cycle 2997] PC=0x80000168 Inst=0x0000006f
[Cycle 2998] PC=0x80000170 Inst=0x0000006f
[Cycle 2999] PC=0x80000170 Inst=0x00000000
[Cycle 3002] PC=0x80000168 Inst=0x0000006f
[Cycle 3003] PC=0x80000170 Inst=0x0000006f
[Cycle 3004] PC=0x80000170 Inst=0x00000000
[Cycle 3007] PC=0x80000168 Inst=0x0000006f
[Cycle 3008] PC=0x80000170 Inst=0x0000006f
[Cycle 3009] PC=0x80000170 Inst=0x00000000
[Cycle 3012] PC=0x80000168 Inst=0x0000006f
[Cycle 3013] PC=0x80000170 Inst=0x0000006f
[Cycle 3014] PC=0x80000170 Inst=0x00000000
[Cycle 3017] PC=0x80000168 Inst=0x0000006f
[Cycle 3018] PC=0x80000170 Inst=0x0000006f
[Cycle 3019] PC=0x80000170 Inst=0x00000000
[Cycle 3022] PC=0x80000168 Inst=0x0000006f
[Cycle 3023] PC=0x80000170 Inst=0x0000006f
[Cycle 3024] PC=0x80000170 Inst=0x00000000
[Cycle 3027] PC=0x80000168 Inst=0x0000006f
[Cycle 3028] PC=0x80000170 Inst=0x0000006f
[Cycle 3029] PC=0x80000170 Inst=0x00000000
[Cycle 3032] PC=0x80000168 Inst=0x0000006f
[Cycle 3033] PC=0x80000170 Inst=0x0000006f
[Cycle 3034] PC=0x80000170 Inst=0x00000000
[Cycle 3037] PC=0x80000168 Inst=0x0000006f
[Cycle 3038] PC=0x80000170 Inst=0x0000006f
[Cycle 3039] PC=0x80000170 Inst=0x00000000
[Cycle 3042] PC=0x80000168 Inst=0x0000006f
[Cycle 3043] PC=0x80000170 Inst=0x0000006f
[Cycle 3044] PC=0x80000170 Inst=0x00000000
[Cycle 3047] PC=0x80000168 Inst=0x0000006f
[Cycle 3048] PC=0x80000170 Inst=0x0000006f
[Cycle 3049] PC=0x80000170 Inst=0x00000000
[Cycle 3052] PC=0x80000168 Inst=0x0000006f
[Cycle 3053] PC=0x80000170 Inst=0x0000006f
[Cycle 3054] PC=0x80000170 Inst=0x00000000
[Cycle 3057] PC=0x80000168 Inst=0x0000006f
[Cycle 3058] PC=0x80000170 Inst=0x0000006f
[Cycle 3059] PC=0x80000170 Inst=0x00000000
[Cycle 3062] PC=0x80000168 Inst=0x0000006f
[Cycle 3063] PC=0x80000170 Inst=0x0000006f
[Cycle 3064] PC=0x80000170 Inst=0x00000000
[Cycle 3067] PC=0x80000168 Inst=0x0000006f
[Cycle 3068] PC=0x80000170 Inst=0x0000006f
[Cycle 3069] PC=0x80000170 Inst=0x00000000
[Cycle 3072] PC=0x80000168 Inst=0x0000006f
[Cycle 3073] PC=0x80000170 Inst=0x0000006f
[Cycle 3074] PC=0x80000170 Inst=0x00000000
[Cycle 3077] PC=0x80000168 Inst=0x0000006f
[Cycle 3078] PC=0x80000170 Inst=0x0000006f
[Cycle 3079] PC=0x80000170 Inst=0x00000000
[Cycle 3082] PC=0x80000168 Inst=0x0000006f
[Cycle 3083] PC=0x80000170 Inst=0x0000006f
[Cycle 3084] PC=0x80000170 Inst=0x00000000
[Cycle 3087] PC=0x80000168 Inst=0x0000006f
[Cycle 3088] PC=0x80000170 Inst=0x0000006f
[Cycle 3089] PC=0x80000170 Inst=0x00000000
[Cycle 3092] PC=0x80000168 Inst=0x0000006f
[Cycle 3093] PC=0x80000170 Inst=0x0000006f
[Cycle 3094] PC=0x80000170 Inst=0x00000000
[Cycle 3097] PC=0x80000168 Inst=0x0000006f
[Cycle 3098] PC=0x80000170 Inst=0x0000006f
[Cycle 3099] PC=0x80000170 Inst=0x00000000
[Cycle 3102] PC=0x80000168 Inst=0x0000006f
[Cycle 3103] PC=0x80000170 Inst=0x0000006f
[Cycle 3104] PC=0x80000170 Inst=0x00000000
[Cycle 3107] PC=0x80000168 Inst=0x0000006f
[Cycle 3108] PC=0x80000170 Inst=0x0000006f
[Cycle 3109] PC=0x80000170 Inst=0x00000000
[Cycle 3112] PC=0x80000168 Inst=0x0000006f
[Cycle 3113] PC=0x80000170 Inst=0x0000006f
[Cycle 3114] PC=0x80000170 Inst=0x00000000
[Cycle 3117] PC=0x80000168 Inst=0x0000006f
[Cycle 3118] PC=0x80000170 Inst=0x0000006f
[Cycle 3119] PC=0x80000170 Inst=0x00000000
[Cycle 3122] PC=0x80000168 Inst=0x0000006f
[Cycle 3123] PC=0x80000170 Inst=0x0000006f
[Cycle 3124] PC=0x80000170 Inst=0x00000000
[Cycle 3127] PC=0x80000168 Inst=0x0000006f
[Cycle 3128] PC=0x80000170 Inst=0x0000006f
[Cycle 3129] PC=0x80000170 Inst=0x00000000
[Cycle 3132] PC=0x80000168 Inst=0x0000006f
[Cycle 3133] PC=0x80000170 Inst=0x0000006f
[Cycle 3134] PC=0x80000170 Inst=0x00000000
[Cycle 3137] PC=0x80000168 Inst=0x0000006f
[Cycle 3138] PC=0x80000170 Inst=0x0000006f
[Cycle 3139] PC=0x80000170 Inst=0x00000000
[Cycle 3142] PC=0x80000168 Inst=0x0000006f
[Cycle 3143] PC=0x80000170 Inst=0x0000006f
[Cycle 3144] PC=0x80000170 Inst=0x00000000
[Cycle 3147] PC=0x80000168 Inst=0x0000006f
[Cycle 3148] PC=0x80000170 Inst=0x0000006f
[Cycle 3149] PC=0x80000170 Inst=0x00000000
[Cycle 3152] PC=0x80000168 Inst=0x0000006f
[Cycle 3153] PC=0x80000170 Inst=0x0000006f
[Cycle 3154] PC=0x80000170 Inst=0x00000000
[Cycle 3157] PC=0x80000168 Inst=0x0000006f
[Cycle 3158] PC=0x80000170 Inst=0x0000006f
[Cycle 3159] PC=0x80000170 Inst=0x00000000
[Cycle 3162] PC=0x80000168 Inst=0x0000006f
[Cycle 3163] PC=0x80000170 Inst=0x0000006f
[Cycle 3164] PC=0x80000170 Inst=0x00000000
[Cycle 3167] PC=0x80000168 Inst=0x0000006f
[Cycle 3168] PC=0x80000170 Inst=0x0000006f
[Cycle 3169] PC=0x80000170 Inst=0x00000000
[Cycle 3172] PC=0x80000168 Inst=0x0000006f
[Cycle 3173] PC=0x80000170 Inst=0x0000006f
[Cycle 3174] PC=0x80000170 Inst=0x00000000
[Cycle 3177] PC=0x80000168 Inst=0x0000006f
[Cycle 3178] PC=0x80000170 Inst=0x0000006f
[Cycle 3179] PC=0x80000170 Inst=0x00000000
[Cycle 3182] PC=0x80000168 Inst=0x0000006f
[Cycle 3183] PC=0x80000170 Inst=0x0000006f
[Cycle 3184] PC=0x80000170 Inst=0x00000000
[Cycle 3187] PC=0x80000168 Inst=0x0000006f
[Cycle 3188] PC=0x80000170 Inst=0x0000006f
[Cycle 3189] PC=0x80000170 Inst=0x00000000
[Cycle 3192] PC=0x80000168 Inst=0x0000006f
[Cycle 3193] PC=0x80000170 Inst=0x0000006f
[Cycle 3194] PC=0x80000170 Inst=0x00000000
[Cycle 3197] PC=0x80000168 Inst=0x0000006f
[Cycle 3198] PC=0x80000170 Inst=0x0000006f
[Cycle 3199] PC=0x80000170 Inst=0x00000000
[Cycle 3202] PC=0x80000168 Inst=0x0000006f
[Cycle 3203] PC=0x80000170 Inst=0x0000006f
[Cycle 3204] PC=0x80000170 Inst=0x00000000
[Cycle 3207] PC=0x80000168 Inst=0x0000006f
[Cycle 3208] PC=0x80000170 Inst=0x0000006f
[Cycle 3209] PC=0x80000170 Inst=0x00000000
[Cycle 3212] PC=0x80000168 Inst=0x0000006f
[Cycle 3213] PC=0x80000170 Inst=0x0000006f
[Cycle 3214] PC=0x80000170 Inst=0x00000000
[Cycle 3217] PC=0x80000168 Inst=0x0000006f
[Cycle 3218] PC=0x80000170 Inst=0x0000006f
[Cycle 3219] PC=0x80000170 Inst=0x00000000
[Cycle 3222] PC=0x80000168 Inst=0x0000006f
[Cycle 3223] PC=0x80000170 Inst=0x0000006f
[Cycle 3224] PC=0x80000170 Inst=0x00000000
[Cycle 3227] PC=0x80000168 Inst=0x0000006f
